Open5GS daemon v2.2.9-1558-g470ce19

09/26 20:45:14.022: [app] INFO: Configuration: '/open5gs/install/etc/open5gs/pcrf.yaml' (../lib/app/ogs-init.c:144)
09/26 20:45:14.022: [app] INFO: File Logging: '/open5gs/install/var/log/open5gs/pcrf.log' (../lib/app/ogs-init.c:147)
09/26 20:45:14.026: [dbi] INFO: MongoDB URI: 'mongodb://172.22.0.2/open5gs' (../lib/dbi/ogs-mongoc.c:130)
09/26 20:45:14.084: [app] INFO: Polling freeDiameter stats every 60000000 usecs (../lib/diameter/common/stats.c:77)
09/26 20:45:14.084: [app] INFO: PCRF initialize...done (../src/pcrf/app-init.c:31)
09/26 20:45:14.086: [diam] INFO: CONNECTED TO 'smf.epc.mnc001.mcc001.3gppnetwork.org' (SCTP,soc#16): (../lib/diameter/common/logger.c:81)
09/26 20:45:25.863: [diam] INFO: CONNECTED TO 'pcscf.ims.mnc001.mcc001.3gppnetwork.org' (TCP,soc#13): (../lib/diameter/common/logger.c:81)
09/26 20:46:55.590: [pcrf] WARNING: Not supported AVP code(260) (../src/pcrf/pcrf-rx-path.c:444)
09/26 20:46:55.590: [pcrf] WARNING: Not supported AVP code(524) (../src/pcrf/pcrf-rx-path.c:423)
09/26 20:46:55.590: [pcrf] WARNING: Not supported AVP code(524) (../src/pcrf/pcrf-rx-path.c:423)
09/26 20:46:55.590: [pcrf] WARNING: Not supported AVP code(291) (../src/pcrf/pcrf-rx-path.c:444)
09/26 20:46:55.590: [pcrf] WARNING: Not supported AVP code(276) (../src/pcrf/pcrf-rx-path.c:444)
09/26 20:46:55.590: [pcrf] WARNING: Not supported AVP code(27) (../src/pcrf/pcrf-rx-path.c:444)
09/26 20:46:55.997: [pcrf] WARNING: Not supported AVP code(260) (../src/pcrf/pcrf-rx-path.c:444)
09/26 20:46:55.997: [pcrf] WARNING: Not supported AVP code(524) (../src/pcrf/pcrf-rx-path.c:423)
09/26 20:46:55.997: [pcrf] WARNING: Not supported AVP code(524) (../src/pcrf/pcrf-rx-path.c:423)
09/26 20:46:55.997: [pcrf] WARNING: Not supported AVP code(291) (../src/pcrf/pcrf-rx-path.c:444)
09/26 20:46:55.997: [pcrf] WARNING: Not supported AVP code(276) (../src/pcrf/pcrf-rx-path.c:444)
09/26 20:46:55.997: [pcrf] WARNING: Not supported AVP code(27) (../src/pcrf/pcrf-rx-path.c:444)
Open5GS daemon v2.2.9-1558-g470ce19

09/26 20:59:57.325: [app] INFO: Configuration: '/open5gs/install/etc/open5gs/pcrf.yaml' (../lib/app/ogs-init.c:144)
09/26 20:59:57.325: [app] INFO: File Logging: '/open5gs/install/var/log/open5gs/pcrf.log' (../lib/app/ogs-init.c:147)
09/26 20:59:57.327: [dbi] INFO: MongoDB URI: 'mongodb://172.22.0.2/open5gs' (../lib/dbi/ogs-mongoc.c:130)
09/26 20:59:57.376: [app] INFO: Polling freeDiameter stats every 60000000 usecs (../lib/diameter/common/stats.c:77)
09/26 20:59:57.376: [app] INFO: PCRF initialize...done (../src/pcrf/app-init.c:31)
09/26 20:59:57.378: [diam] INFO: CONNECTED TO 'smf.epc.mnc001.mcc001.3gppnetwork.org' (SCTP,soc#15): (../lib/diameter/common/logger.c:81)
Open5GS daemon v2.2.9-1558-g470ce19

09/26 21:00:26.024: [app] INFO: Configuration: '/open5gs/install/etc/open5gs/pcrf.yaml' (../lib/app/ogs-init.c:144)
09/26 21:00:26.024: [app] INFO: File Logging: '/open5gs/install/var/log/open5gs/pcrf.log' (../lib/app/ogs-init.c:147)
09/26 21:00:26.026: [dbi] INFO: MongoDB URI: 'mongodb://172.22.0.2/open5gs' (../lib/dbi/ogs-mongoc.c:130)
09/26 21:00:26.057: [app] INFO: Polling freeDiameter stats every 60000000 usecs (../lib/diameter/common/stats.c:77)
09/26 21:00:26.057: [app] INFO: PCRF initialize...done (../src/pcrf/app-init.c:31)
09/26 21:00:26.059: [diam] INFO: CONNECTED TO 'smf.epc.mnc001.mcc001.3gppnetwork.org' (SCTP,soc#15): (../lib/diameter/common/logger.c:81)
09/26 21:00:37.508: [diam] INFO: CONNECTED TO 'pcscf.ims.mnc001.mcc001.3gppnetwork.org' (TCP,soc#13): (../lib/diameter/common/logger.c:81)
09/26 21:00:53.302: [pcrf] WARNING: Not supported AVP code(260) (../src/pcrf/pcrf-rx-path.c:444)
09/26 21:00:53.302: [pcrf] WARNING: Not supported AVP code(524) (../src/pcrf/pcrf-rx-path.c:423)
09/26 21:00:53.302: [pcrf] WARNING: Not supported AVP code(524) (../src/pcrf/pcrf-rx-path.c:423)
09/26 21:00:53.302: [pcrf] WARNING: Not supported AVP code(291) (../src/pcrf/pcrf-rx-path.c:444)
09/26 21:00:53.302: [pcrf] WARNING: Not supported AVP code(276) (../src/pcrf/pcrf-rx-path.c:444)
09/26 21:00:53.302: [pcrf] WARNING: Not supported AVP code(27) (../src/pcrf/pcrf-rx-path.c:444)
09/26 21:01:09.516: [pcrf] WARNING: Not supported AVP code(260) (../src/pcrf/pcrf-rx-path.c:444)
09/26 21:01:09.516: [pcrf] WARNING: Not supported AVP code(524) (../src/pcrf/pcrf-rx-path.c:423)
09/26 21:01:09.516: [pcrf] WARNING: Not supported AVP code(524) (../src/pcrf/pcrf-rx-path.c:423)
09/26 21:01:09.516: [pcrf] WARNING: Not supported AVP code(291) (../src/pcrf/pcrf-rx-path.c:444)
09/26 21:01:09.516: [pcrf] WARNING: Not supported AVP code(276) (../src/pcrf/pcrf-rx-path.c:444)
09/26 21:01:09.516: [pcrf] WARNING: Not supported AVP code(27) (../src/pcrf/pcrf-rx-path.c:444)
09/26 21:01:09.907: [pcrf] WARNING: Not supported AVP code(260) (../src/pcrf/pcrf-rx-path.c:444)
09/26 21:01:09.907: [pcrf] WARNING: Not supported AVP code(524) (../src/pcrf/pcrf-rx-path.c:423)
09/26 21:01:09.907: [pcrf] WARNING: Not supported AVP code(524) (../src/pcrf/pcrf-rx-path.c:423)
09/26 21:01:09.907: [pcrf] WARNING: Not supported AVP code(291) (../src/pcrf/pcrf-rx-path.c:444)
09/26 21:01:09.907: [pcrf] WARNING: Not supported AVP code(276) (../src/pcrf/pcrf-rx-path.c:444)
09/26 21:01:09.907: [pcrf] WARNING: Not supported AVP code(27) (../src/pcrf/pcrf-rx-path.c:444)
Open5GS daemon v2.2.9-1558-g470ce19

09/26 21:15:46.011: [app] INFO: Configuration: '/open5gs/install/etc/open5gs/pcrf.yaml' (../lib/app/ogs-init.c:144)
09/26 21:15:46.011: [app] INFO: File Logging: '/open5gs/install/var/log/open5gs/pcrf.log' (../lib/app/ogs-init.c:147)
09/26 21:15:46.013: [dbi] INFO: MongoDB URI: 'mongodb://172.22.0.2/open5gs' (../lib/dbi/ogs-mongoc.c:130)
09/26 21:15:46.078: [app] INFO: Polling freeDiameter stats every 60000000 usecs (../lib/diameter/common/stats.c:77)
09/26 21:15:46.078: [app] INFO: PCRF initialize...done (../src/pcrf/app-init.c:31)
09/26 21:15:46.080: [diam] INFO: CONNECTED TO 'smf.epc.mnc001.mcc001.3gppnetwork.org' (SCTP,soc#16): (../lib/diameter/common/logger.c:81)
09/26 21:15:57.593: [diam] INFO: CONNECTED TO 'pcscf.ims.mnc001.mcc001.3gppnetwork.org' (TCP,soc#13): (../lib/diameter/common/logger.c:81)
09/26 21:16:01.863: [pcrf] WARNING: Not supported AVP code(260) (../src/pcrf/pcrf-rx-path.c:444)
09/26 21:16:01.863: [pcrf] WARNING: Not supported AVP code(524) (../src/pcrf/pcrf-rx-path.c:423)
09/26 21:16:01.863: [pcrf] WARNING: Not supported AVP code(524) (../src/pcrf/pcrf-rx-path.c:423)
09/26 21:16:01.863: [pcrf] WARNING: Not supported AVP code(291) (../src/pcrf/pcrf-rx-path.c:444)
09/26 21:16:01.863: [pcrf] WARNING: Not supported AVP code(276) (../src/pcrf/pcrf-rx-path.c:444)
09/26 21:16:01.863: [pcrf] WARNING: Not supported AVP code(27) (../src/pcrf/pcrf-rx-path.c:444)
09/26 21:16:11.984: [pcrf] WARNING: Not supported AVP code(260) (../src/pcrf/pcrf-rx-path.c:444)
09/26 21:16:11.984: [pcrf] WARNING: Not supported AVP code(524) (../src/pcrf/pcrf-rx-path.c:423)
09/26 21:16:11.984: [pcrf] WARNING: Not supported AVP code(524) (../src/pcrf/pcrf-rx-path.c:423)
09/26 21:16:11.984: [pcrf] WARNING: Not supported AVP code(291) (../src/pcrf/pcrf-rx-path.c:444)
09/26 21:16:11.984: [pcrf] WARNING: Not supported AVP code(276) (../src/pcrf/pcrf-rx-path.c:444)
09/26 21:16:11.984: [pcrf] WARNING: Not supported AVP code(27) (../src/pcrf/pcrf-rx-path.c:444)
09/26 21:16:21.909: [pcrf] WARNING: Not supported AVP code(260) (../src/pcrf/pcrf-rx-path.c:444)
09/26 21:16:21.909: [pcrf] WARNING: Not supported AVP code(524) (../src/pcrf/pcrf-rx-path.c:423)
09/26 21:16:21.909: [pcrf] WARNING: Not supported AVP code(524) (../src/pcrf/pcrf-rx-path.c:423)
09/26 21:16:21.909: [pcrf] WARNING: Not supported AVP code(291) (../src/pcrf/pcrf-rx-path.c:444)
09/26 21:16:21.909: [pcrf] WARNING: Not supported AVP code(276) (../src/pcrf/pcrf-rx-path.c:444)
09/26 21:16:21.909: [pcrf] WARNING: Not supported AVP code(27) (../src/pcrf/pcrf-rx-path.c:444)
09/26 21:16:40.058: [pcrf] WARNING: Not supported AVP code(260) (../src/pcrf/pcrf-rx-path.c:444)
09/26 21:16:40.058: [pcrf] WARNING: Not supported AVP code(524) (../src/pcrf/pcrf-rx-path.c:423)
09/26 21:16:40.059: [pcrf] WARNING: Not supported AVP code(524) (../src/pcrf/pcrf-rx-path.c:423)
09/26 21:16:40.059: [pcrf] WARNING: Not supported AVP code(291) (../src/pcrf/pcrf-rx-path.c:444)
09/26 21:16:40.059: [pcrf] WARNING: Not supported AVP code(276) (../src/pcrf/pcrf-rx-path.c:444)
09/26 21:16:40.059: [pcrf] WARNING: Not supported AVP code(27) (../src/pcrf/pcrf-rx-path.c:444)
09/26 21:16:40.453: [pcrf] WARNING: Not supported AVP code(260) (../src/pcrf/pcrf-rx-path.c:444)
09/26 21:16:40.453: [pcrf] WARNING: Not supported AVP code(524) (../src/pcrf/pcrf-rx-path.c:423)
09/26 21:16:40.453: [pcrf] WARNING: Not supported AVP code(524) (../src/pcrf/pcrf-rx-path.c:423)
09/26 21:16:40.453: [pcrf] WARNING: Not supported AVP code(291) (../src/pcrf/pcrf-rx-path.c:444)
09/26 21:16:40.453: [pcrf] WARNING: Not supported AVP code(276) (../src/pcrf/pcrf-rx-path.c:444)
09/26 21:16:40.453: [pcrf] WARNING: Not supported AVP code(27) (../src/pcrf/pcrf-rx-path.c:444)
Open5GS daemon v2.2.9-1558-g470ce19

09/26 21:19:04.898: [app] INFO: Configuration: '/open5gs/install/etc/open5gs/pcrf.yaml' (../lib/app/ogs-init.c:144)
09/26 21:19:04.898: [app] INFO: File Logging: '/open5gs/install/var/log/open5gs/pcrf.log' (../lib/app/ogs-init.c:147)
09/26 21:19:04.900: [dbi] INFO: MongoDB URI: 'mongodb://172.22.0.2/open5gs' (../lib/dbi/ogs-mongoc.c:130)
09/26 21:19:04.973: [app] INFO: Polling freeDiameter stats every 60000000 usecs (../lib/diameter/common/stats.c:77)
09/26 21:19:04.973: [app] INFO: PCRF initialize...done (../src/pcrf/app-init.c:31)
09/26 21:19:04.975: [diam] INFO: CONNECTED TO 'smf.epc.mnc001.mcc001.3gppnetwork.org' (SCTP,soc#16): (../lib/diameter/common/logger.c:81)
09/26 21:19:16.640: [diam] INFO: CONNECTED TO 'pcscf.ims.mnc001.mcc001.3gppnetwork.org' (TCP,soc#13): (../lib/diameter/common/logger.c:81)
09/26 21:19:22.164: [pcrf] WARNING: Not supported AVP code(260) (../src/pcrf/pcrf-rx-path.c:444)
09/26 21:19:22.164: [pcrf] WARNING: Not supported AVP code(524) (../src/pcrf/pcrf-rx-path.c:423)
09/26 21:19:22.164: [pcrf] WARNING: Not supported AVP code(524) (../src/pcrf/pcrf-rx-path.c:423)
09/26 21:19:22.164: [pcrf] WARNING: Not supported AVP code(291) (../src/pcrf/pcrf-rx-path.c:444)
09/26 21:19:22.164: [pcrf] WARNING: Not supported AVP code(276) (../src/pcrf/pcrf-rx-path.c:444)
09/26 21:19:22.164: [pcrf] WARNING: Not supported AVP code(27) (../src/pcrf/pcrf-rx-path.c:444)
09/26 21:19:33.465: [pcrf] WARNING: Not supported AVP code(260) (../src/pcrf/pcrf-rx-path.c:444)
09/26 21:19:33.465: [pcrf] WARNING: Not supported AVP code(524) (../src/pcrf/pcrf-rx-path.c:423)
09/26 21:19:33.465: [pcrf] WARNING: Not supported AVP code(524) (../src/pcrf/pcrf-rx-path.c:423)
09/26 21:19:33.465: [pcrf] WARNING: Not supported AVP code(291) (../src/pcrf/pcrf-rx-path.c:444)
09/26 21:19:33.465: [pcrf] WARNING: Not supported AVP code(276) (../src/pcrf/pcrf-rx-path.c:444)
09/26 21:19:33.465: [pcrf] WARNING: Not supported AVP code(27) (../src/pcrf/pcrf-rx-path.c:444)
09/26 21:19:45.914: [pcrf] WARNING: Not supported AVP code(260) (../src/pcrf/pcrf-rx-path.c:444)
09/26 21:19:45.914: [pcrf] WARNING: Not supported AVP code(524) (../src/pcrf/pcrf-rx-path.c:423)
09/26 21:19:45.914: [pcrf] WARNING: Not supported AVP code(524) (../src/pcrf/pcrf-rx-path.c:423)
09/26 21:19:45.914: [pcrf] WARNING: Not supported AVP code(291) (../src/pcrf/pcrf-rx-path.c:444)
09/26 21:19:45.914: [pcrf] WARNING: Not supported AVP code(276) (../src/pcrf/pcrf-rx-path.c:444)
09/26 21:19:45.914: [pcrf] WARNING: Not supported AVP code(27) (../src/pcrf/pcrf-rx-path.c:444)
09/26 21:19:57.298: [pcrf] WARNING: Not supported AVP code(260) (../src/pcrf/pcrf-rx-path.c:444)
09/26 21:19:57.298: [pcrf] WARNING: Not supported AVP code(524) (../src/pcrf/pcrf-rx-path.c:423)
09/26 21:19:57.298: [pcrf] WARNING: Not supported AVP code(524) (../src/pcrf/pcrf-rx-path.c:423)
09/26 21:19:57.298: [pcrf] WARNING: Not supported AVP code(291) (../src/pcrf/pcrf-rx-path.c:444)
09/26 21:19:57.298: [pcrf] WARNING: Not supported AVP code(276) (../src/pcrf/pcrf-rx-path.c:444)
09/26 21:19:57.298: [pcrf] WARNING: Not supported AVP code(27) (../src/pcrf/pcrf-rx-path.c:444)
09/26 21:19:57.722: [pcrf] WARNING: Not supported AVP code(260) (../src/pcrf/pcrf-rx-path.c:444)
09/26 21:19:57.722: [pcrf] WARNING: Not supported AVP code(524) (../src/pcrf/pcrf-rx-path.c:423)
09/26 21:19:57.722: [pcrf] WARNING: Not supported AVP code(524) (../src/pcrf/pcrf-rx-path.c:423)
09/26 21:19:57.722: [pcrf] WARNING: Not supported AVP code(291) (../src/pcrf/pcrf-rx-path.c:444)
09/26 21:19:57.722: [pcrf] WARNING: Not supported AVP code(276) (../src/pcrf/pcrf-rx-path.c:444)
09/26 21:19:57.722: [pcrf] WARNING: Not supported AVP code(27) (../src/pcrf/pcrf-rx-path.c:444)
Open5GS daemon v2.2.9-1558-g470ce19

09/30 09:35:32.360: [app] INFO: Configuration: '/open5gs/install/etc/open5gs/pcrf.yaml' (../lib/app/ogs-init.c:144)
09/30 09:35:32.360: [app] INFO: File Logging: '/open5gs/install/var/log/open5gs/pcrf.log' (../lib/app/ogs-init.c:147)
09/30 09:35:32.362: [dbi] INFO: MongoDB URI: 'mongodb://172.22.0.2/open5gs' (../lib/dbi/ogs-mongoc.c:130)
09/30 09:35:32.493: [app] INFO: Polling freeDiameter stats every 60000000 usecs (../lib/diameter/common/stats.c:77)
09/30 09:35:32.493: [app] INFO: PCRF initialize...done (../src/pcrf/app-init.c:31)
09/30 09:35:32.495: [diam] INFO: CONNECTED TO 'smf.epc.mnc001.mcc001.3gppnetwork.org' (SCTP,soc#15): (../lib/diameter/common/logger.c:81)
Open5GS daemon v2.2.9-1558-g470ce19

09/30 09:36:15.300: [app] INFO: Configuration: '/open5gs/install/etc/open5gs/pcrf.yaml' (../lib/app/ogs-init.c:144)
09/30 09:36:15.300: [app] INFO: File Logging: '/open5gs/install/var/log/open5gs/pcrf.log' (../lib/app/ogs-init.c:147)
09/30 09:36:15.302: [dbi] INFO: MongoDB URI: 'mongodb://172.22.0.2/open5gs' (../lib/dbi/ogs-mongoc.c:130)
09/30 09:36:15.335: [app] INFO: Polling freeDiameter stats every 60000000 usecs (../lib/diameter/common/stats.c:77)
09/30 09:36:15.335: [app] INFO: PCRF initialize...done (../src/pcrf/app-init.c:31)
09/30 09:36:15.337: [diam] INFO: CONNECTED TO 'smf.epc.mnc001.mcc001.3gppnetwork.org' (SCTP,soc#16): (../lib/diameter/common/logger.c:81)
09/30 09:36:26.022: [diam] INFO: CONNECTED TO 'pcscf.ims.mnc001.mcc001.3gppnetwork.org' (TCP,soc#13): (../lib/diameter/common/logger.c:81)
Open5GS daemon v2.2.9-1558-g470ce19

09/30 09:37:26.313: [app] INFO: Configuration: '/open5gs/install/etc/open5gs/pcrf.yaml' (../lib/app/ogs-init.c:144)
09/30 09:37:26.313: [app] INFO: File Logging: '/open5gs/install/var/log/open5gs/pcrf.log' (../lib/app/ogs-init.c:147)
09/30 09:37:26.317: [dbi] INFO: MongoDB URI: 'mongodb://172.22.0.2/open5gs' (../lib/dbi/ogs-mongoc.c:130)
09/30 09:37:26.368: [app] INFO: Polling freeDiameter stats every 60000000 usecs (../lib/diameter/common/stats.c:77)
09/30 09:37:26.369: [app] INFO: PCRF initialize...done (../src/pcrf/app-init.c:31)
09/30 09:37:26.372: [diam] INFO: CONNECTED TO 'smf.epc.mnc001.mcc001.3gppnetwork.org' (SCTP,soc#15): (../lib/diameter/common/logger.c:81)
09/30 09:37:37.051: [diam] INFO: CONNECTED TO 'pcscf.ims.mnc001.mcc001.3gppnetwork.org' (TCP,soc#12): (../lib/diameter/common/logger.c:81)
09/30 09:37:47.287: [pcrf] WARNING: Not supported AVP code(260) (../src/pcrf/pcrf-rx-path.c:444)
09/30 09:37:47.287: [pcrf] WARNING: Not supported AVP code(524) (../src/pcrf/pcrf-rx-path.c:423)
09/30 09:37:47.287: [pcrf] WARNING: Not supported AVP code(524) (../src/pcrf/pcrf-rx-path.c:423)
09/30 09:37:47.288: [pcrf] WARNING: Not supported AVP code(291) (../src/pcrf/pcrf-rx-path.c:444)
09/30 09:37:47.288: [pcrf] WARNING: Not supported AVP code(276) (../src/pcrf/pcrf-rx-path.c:444)
09/30 09:37:47.288: [pcrf] WARNING: Not supported AVP code(27) (../src/pcrf/pcrf-rx-path.c:444)
09/30 09:38:42.959: [pcrf] WARNING: Not supported AVP code(260) (../src/pcrf/pcrf-rx-path.c:444)
09/30 09:38:42.959: [pcrf] WARNING: Not supported AVP code(524) (../src/pcrf/pcrf-rx-path.c:423)
09/30 09:38:42.959: [pcrf] WARNING: Not supported AVP code(524) (../src/pcrf/pcrf-rx-path.c:423)
09/30 09:38:42.959: [pcrf] WARNING: Not supported AVP code(291) (../src/pcrf/pcrf-rx-path.c:444)
09/30 09:38:42.959: [pcrf] WARNING: Not supported AVP code(276) (../src/pcrf/pcrf-rx-path.c:444)
09/30 09:38:42.959: [pcrf] WARNING: Not supported AVP code(27) (../src/pcrf/pcrf-rx-path.c:444)
09/30 09:38:43.410: [pcrf] WARNING: Not supported AVP code(260) (../src/pcrf/pcrf-rx-path.c:444)
09/30 09:38:43.410: [pcrf] WARNING: Not supported AVP code(524) (../src/pcrf/pcrf-rx-path.c:423)
09/30 09:38:43.410: [pcrf] WARNING: Not supported AVP code(524) (../src/pcrf/pcrf-rx-path.c:423)
09/30 09:38:43.410: [pcrf] WARNING: Not supported AVP code(291) (../src/pcrf/pcrf-rx-path.c:444)
09/30 09:38:43.410: [pcrf] WARNING: Not supported AVP code(276) (../src/pcrf/pcrf-rx-path.c:444)
09/30 09:38:43.410: [pcrf] WARNING: Not supported AVP code(27) (../src/pcrf/pcrf-rx-path.c:444)
Open5GS daemon v2.2.9-1558-g470ce19

09/30 09:49:16.586: [app] INFO: Configuration: '/open5gs/install/etc/open5gs/pcrf.yaml' (../lib/app/ogs-init.c:144)
09/30 09:49:16.586: [app] INFO: File Logging: '/open5gs/install/var/log/open5gs/pcrf.log' (../lib/app/ogs-init.c:147)
09/30 09:49:16.588: [dbi] INFO: MongoDB URI: 'mongodb://172.22.0.2/open5gs' (../lib/dbi/ogs-mongoc.c:130)
09/30 09:49:16.776: [app] INFO: Polling freeDiameter stats every 60000000 usecs (../lib/diameter/common/stats.c:77)
09/30 09:49:16.776: [app] INFO: PCRF initialize...done (../src/pcrf/app-init.c:31)
09/30 09:49:16.779: [diam] INFO: CONNECTED TO 'smf.epc.mnc001.mcc001.3gppnetwork.org' (SCTP,soc#15): (../lib/diameter/common/logger.c:81)
09/30 09:49:28.601: [diam] INFO: CONNECTED TO 'pcscf.ims.mnc001.mcc001.3gppnetwork.org' (TCP,soc#12): (../lib/diameter/common/logger.c:81)
09/30 09:51:45.437: [pcrf] WARNING: Not supported AVP code(260) (../src/pcrf/pcrf-rx-path.c:444)
09/30 09:51:45.437: [pcrf] WARNING: Not supported AVP code(524) (../src/pcrf/pcrf-rx-path.c:423)
09/30 09:51:45.437: [pcrf] WARNING: Not supported AVP code(524) (../src/pcrf/pcrf-rx-path.c:423)
09/30 09:51:45.437: [pcrf] WARNING: Not supported AVP code(291) (../src/pcrf/pcrf-rx-path.c:444)
09/30 09:51:45.437: [pcrf] WARNING: Not supported AVP code(276) (../src/pcrf/pcrf-rx-path.c:444)
09/30 09:51:45.437: [pcrf] WARNING: Not supported AVP code(27) (../src/pcrf/pcrf-rx-path.c:444)
09/30 09:51:45.866: [pcrf] WARNING: Not supported AVP code(260) (../src/pcrf/pcrf-rx-path.c:444)
09/30 09:51:45.866: [pcrf] WARNING: Not supported AVP code(524) (../src/pcrf/pcrf-rx-path.c:423)
09/30 09:51:45.866: [pcrf] WARNING: Not supported AVP code(524) (../src/pcrf/pcrf-rx-path.c:423)
09/30 09:51:45.866: [pcrf] WARNING: Not supported AVP code(291) (../src/pcrf/pcrf-rx-path.c:444)
09/30 09:51:45.866: [pcrf] WARNING: Not supported AVP code(276) (../src/pcrf/pcrf-rx-path.c:444)
09/30 09:51:45.866: [pcrf] WARNING: Not supported AVP code(27) (../src/pcrf/pcrf-rx-path.c:444)
09/30 09:52:12.147: [pcrf] WARNING: Not supported AVP code(260) (../src/pcrf/pcrf-rx-path.c:444)
09/30 09:52:12.147: [pcrf] WARNING: Not supported AVP code(524) (../src/pcrf/pcrf-rx-path.c:423)
09/30 09:52:12.147: [pcrf] WARNING: Not supported AVP code(524) (../src/pcrf/pcrf-rx-path.c:423)
09/30 09:52:12.147: [pcrf] WARNING: Not supported AVP code(291) (../src/pcrf/pcrf-rx-path.c:444)
09/30 09:52:12.147: [pcrf] WARNING: Not supported AVP code(276) (../src/pcrf/pcrf-rx-path.c:444)
09/30 09:52:12.147: [pcrf] WARNING: Not supported AVP code(27) (../src/pcrf/pcrf-rx-path.c:444)
09/30 09:52:13.719: [pcrf] WARNING: Not supported AVP code(260) (../src/pcrf/pcrf-rx-path.c:444)
09/30 09:52:13.719: [pcrf] WARNING: Not supported AVP code(524) (../src/pcrf/pcrf-rx-path.c:423)
09/30 09:52:13.719: [pcrf] WARNING: Not supported AVP code(524) (../src/pcrf/pcrf-rx-path.c:423)
09/30 09:52:13.719: [pcrf] WARNING: Not supported AVP code(291) (../src/pcrf/pcrf-rx-path.c:444)
09/30 09:52:13.719: [pcrf] WARNING: Not supported AVP code(276) (../src/pcrf/pcrf-rx-path.c:444)
09/30 09:52:13.719: [pcrf] WARNING: Not supported AVP code(27) (../src/pcrf/pcrf-rx-path.c:444)
09/30 09:53:23.013: [pcrf] WARNING: Not supported AVP code(260) (../src/pcrf/pcrf-rx-path.c:444)
09/30 09:53:23.013: [pcrf] WARNING: Not supported AVP code(504) (../src/pcrf/pcrf-rx-path.c:444)
09/30 09:53:23.013: [pcrf] WARNING: Not supported AVP code(291) (../src/pcrf/pcrf-rx-path.c:444)
09/30 09:53:23.013: [pcrf] WARNING: Not supported AVP code(458) (../src/pcrf/pcrf-rx-path.c:444)
09/30 09:53:23.013: [pcrf] WARNING: Not supported AVP code(524) (../src/pcrf/pcrf-rx-path.c:423)
09/30 09:53:23.013: [pcrf] WARNING: Not supported AVP code(524) (../src/pcrf/pcrf-rx-path.c:423)
09/30 09:53:23.013: [pcrf] WARNING: Not supported AVP code(276) (../src/pcrf/pcrf-rx-path.c:444)
09/30 09:53:23.013: [pcrf] WARNING: Not supported AVP code(27) (../src/pcrf/pcrf-rx-path.c:444)
09/30 09:53:23.018: [pcrf] WARNING: Not supported AVP code(260) (../src/pcrf/pcrf-rx-path.c:444)
09/30 09:53:23.018: [pcrf] WARNING: Not supported AVP code(504) (../src/pcrf/pcrf-rx-path.c:444)
09/30 09:53:23.018: [pcrf] WARNING: Not supported AVP code(291) (../src/pcrf/pcrf-rx-path.c:444)
09/30 09:53:23.018: [pcrf] WARNING: Not supported AVP code(458) (../src/pcrf/pcrf-rx-path.c:444)
09/30 09:53:23.018: [pcrf] WARNING: Not supported AVP code(524) (../src/pcrf/pcrf-rx-path.c:423)
09/30 09:53:23.018: [pcrf] WARNING: Not supported AVP code(524) (../src/pcrf/pcrf-rx-path.c:423)
09/30 09:53:23.018: [pcrf] WARNING: Not supported AVP code(276) (../src/pcrf/pcrf-rx-path.c:444)
09/30 09:53:23.018: [pcrf] WARNING: Not supported AVP code(27) (../src/pcrf/pcrf-rx-path.c:444)
09/30 09:53:23.253: [pcrf] WARNING: Not supported AVP code(260) (../src/pcrf/pcrf-rx-path.c:444)
09/30 09:53:23.253: [pcrf] WARNING: Not supported AVP code(504) (../src/pcrf/pcrf-rx-path.c:444)
09/30 09:53:23.253: [pcrf] WARNING: Not supported AVP code(291) (../src/pcrf/pcrf-rx-path.c:444)
09/30 09:53:23.253: [pcrf] WARNING: Not supported AVP code(458) (../src/pcrf/pcrf-rx-path.c:444)
09/30 09:53:23.253: [pcrf] WARNING: Not supported AVP code(524) (../src/pcrf/pcrf-rx-path.c:423)
09/30 09:53:23.253: [pcrf] WARNING: Not supported AVP code(524) (../src/pcrf/pcrf-rx-path.c:423)
09/30 09:53:23.253: [pcrf] WARNING: Not supported AVP code(276) (../src/pcrf/pcrf-rx-path.c:444)
09/30 09:53:23.253: [pcrf] WARNING: Not supported AVP code(27) (../src/pcrf/pcrf-rx-path.c:444)
09/30 09:53:23.256: [pcrf] WARNING: Not supported AVP code(260) (../src/pcrf/pcrf-rx-path.c:444)
09/30 09:53:23.256: [pcrf] WARNING: Not supported AVP code(504) (../src/pcrf/pcrf-rx-path.c:444)
09/30 09:53:23.256: [pcrf] WARNING: Not supported AVP code(291) (../src/pcrf/pcrf-rx-path.c:444)
09/30 09:53:23.256: [pcrf] WARNING: Not supported AVP code(458) (../src/pcrf/pcrf-rx-path.c:444)
09/30 09:53:23.256: [pcrf] WARNING: Not supported AVP code(524) (../src/pcrf/pcrf-rx-path.c:423)
09/30 09:53:23.256: [pcrf] WARNING: Not supported AVP code(524) (../src/pcrf/pcrf-rx-path.c:423)
09/30 09:53:23.256: [pcrf] WARNING: Not supported AVP code(276) (../src/pcrf/pcrf-rx-path.c:444)
09/30 09:53:23.256: [pcrf] WARNING: Not supported AVP code(27) (../src/pcrf/pcrf-rx-path.c:444)
09/30 09:53:53.387: [pcrf] WARNING: Not supported AVP code(260) (../src/pcrf/pcrf-rx-path.c:444)
09/30 09:53:53.387: [pcrf] WARNING: Not supported AVP code(504) (../src/pcrf/pcrf-rx-path.c:444)
09/30 09:53:53.387: [pcrf] WARNING: Not supported AVP code(291) (../src/pcrf/pcrf-rx-path.c:444)
09/30 09:53:53.387: [pcrf] WARNING: Not supported AVP code(458) (../src/pcrf/pcrf-rx-path.c:444)
09/30 09:53:53.387: [pcrf] WARNING: Not supported AVP code(524) (../src/pcrf/pcrf-rx-path.c:423)
09/30 09:53:53.387: [pcrf] WARNING: Not supported AVP code(524) (../src/pcrf/pcrf-rx-path.c:423)
09/30 09:53:53.387: [pcrf] WARNING: Not supported AVP code(276) (../src/pcrf/pcrf-rx-path.c:444)
09/30 09:53:53.387: [pcrf] WARNING: Not supported AVP code(27) (../src/pcrf/pcrf-rx-path.c:444)
09/30 09:53:53.391: [pcrf] WARNING: Not supported AVP code(260) (../src/pcrf/pcrf-rx-path.c:444)
09/30 09:53:53.391: [pcrf] WARNING: Not supported AVP code(504) (../src/pcrf/pcrf-rx-path.c:444)
09/30 09:53:53.391: [pcrf] WARNING: Not supported AVP code(291) (../src/pcrf/pcrf-rx-path.c:444)
09/30 09:53:53.391: [pcrf] WARNING: Not supported AVP code(458) (../src/pcrf/pcrf-rx-path.c:444)
09/30 09:53:53.391: [pcrf] WARNING: Not supported AVP code(524) (../src/pcrf/pcrf-rx-path.c:423)
09/30 09:53:53.391: [pcrf] WARNING: Not supported AVP code(524) (../src/pcrf/pcrf-rx-path.c:423)
09/30 09:53:53.391: [pcrf] WARNING: Not supported AVP code(276) (../src/pcrf/pcrf-rx-path.c:444)
09/30 09:53:53.391: [pcrf] WARNING: Not supported AVP code(27) (../src/pcrf/pcrf-rx-path.c:444)
09/30 09:54:07.605: [pcrf] WARNING: Not supported AVP code(260) (../src/pcrf/pcrf-rx-path.c:444)
09/30 09:54:07.605: [pcrf] WARNING: Not supported AVP code(504) (../src/pcrf/pcrf-rx-path.c:444)
09/30 09:54:07.605: [pcrf] WARNING: Not supported AVP code(291) (../src/pcrf/pcrf-rx-path.c:444)
09/30 09:54:07.605: [pcrf] WARNING: Not supported AVP code(458) (../src/pcrf/pcrf-rx-path.c:444)
09/30 09:54:07.605: [pcrf] WARNING: Not supported AVP code(524) (../src/pcrf/pcrf-rx-path.c:423)
09/30 09:54:07.605: [pcrf] WARNING: Not supported AVP code(524) (../src/pcrf/pcrf-rx-path.c:423)
09/30 09:54:07.605: [pcrf] WARNING: Not supported AVP code(276) (../src/pcrf/pcrf-rx-path.c:444)
09/30 09:54:07.605: [pcrf] WARNING: Not supported AVP code(27) (../src/pcrf/pcrf-rx-path.c:444)
09/30 09:54:07.610: [pcrf] WARNING: Not supported AVP code(260) (../src/pcrf/pcrf-rx-path.c:444)
09/30 09:54:07.610: [pcrf] WARNING: Not supported AVP code(504) (../src/pcrf/pcrf-rx-path.c:444)
09/30 09:54:07.610: [pcrf] WARNING: Not supported AVP code(291) (../src/pcrf/pcrf-rx-path.c:444)
09/30 09:54:07.610: [pcrf] WARNING: Not supported AVP code(458) (../src/pcrf/pcrf-rx-path.c:444)
09/30 09:54:07.610: [pcrf] WARNING: Not supported AVP code(524) (../src/pcrf/pcrf-rx-path.c:423)
09/30 09:54:07.610: [pcrf] WARNING: Not supported AVP code(524) (../src/pcrf/pcrf-rx-path.c:423)
09/30 09:54:07.610: [pcrf] WARNING: Not supported AVP code(276) (../src/pcrf/pcrf-rx-path.c:444)
09/30 09:54:07.610: [pcrf] WARNING: Not supported AVP code(27) (../src/pcrf/pcrf-rx-path.c:444)
Open5GS daemon v2.2.9-1558-g470ce19

09/30 10:20:38.002: [app] INFO: Configuration: '/open5gs/install/etc/open5gs/pcrf.yaml' (../lib/app/ogs-init.c:144)
09/30 10:20:38.002: [app] INFO: File Logging: '/open5gs/install/var/log/open5gs/pcrf.log' (../lib/app/ogs-init.c:147)
09/30 10:20:38.005: [dbi] INFO: MongoDB URI: 'mongodb://172.22.0.2/open5gs' (../lib/dbi/ogs-mongoc.c:130)
09/30 10:20:38.070: [app] INFO: Polling freeDiameter stats every 60000000 usecs (../lib/diameter/common/stats.c:77)
09/30 10:20:38.070: [app] INFO: PCRF initialize...done (../src/pcrf/app-init.c:31)
09/30 10:20:38.072: [diam] INFO: CONNECTED TO 'smf.epc.mnc001.mcc001.3gppnetwork.org' (SCTP,soc#16): (../lib/diameter/common/logger.c:81)
09/30 10:20:49.546: [diam] INFO: CONNECTED TO 'pcscf.ims.mnc001.mcc001.3gppnetwork.org' (TCP,soc#12): (../lib/diameter/common/logger.c:81)
09/30 10:21:48.841: [pcrf] WARNING: Not supported AVP code(260) (../src/pcrf/pcrf-rx-path.c:444)
09/30 10:21:48.841: [pcrf] WARNING: Not supported AVP code(524) (../src/pcrf/pcrf-rx-path.c:423)
09/30 10:21:48.841: [pcrf] WARNING: Not supported AVP code(524) (../src/pcrf/pcrf-rx-path.c:423)
09/30 10:21:48.841: [pcrf] WARNING: Not supported AVP code(291) (../src/pcrf/pcrf-rx-path.c:444)
09/30 10:21:48.841: [pcrf] WARNING: Not supported AVP code(276) (../src/pcrf/pcrf-rx-path.c:444)
09/30 10:21:48.841: [pcrf] WARNING: Not supported AVP code(27) (../src/pcrf/pcrf-rx-path.c:444)
09/30 10:21:49.292: [pcrf] WARNING: Not supported AVP code(260) (../src/pcrf/pcrf-rx-path.c:444)
09/30 10:21:49.292: [pcrf] WARNING: Not supported AVP code(524) (../src/pcrf/pcrf-rx-path.c:423)
09/30 10:21:49.292: [pcrf] WARNING: Not supported AVP code(524) (../src/pcrf/pcrf-rx-path.c:423)
09/30 10:21:49.292: [pcrf] WARNING: Not supported AVP code(291) (../src/pcrf/pcrf-rx-path.c:444)
09/30 10:21:49.292: [pcrf] WARNING: Not supported AVP code(276) (../src/pcrf/pcrf-rx-path.c:444)
09/30 10:21:49.292: [pcrf] WARNING: Not supported AVP code(27) (../src/pcrf/pcrf-rx-path.c:444)
09/30 10:22:05.538: [pcrf] WARNING: Not supported AVP code(260) (../src/pcrf/pcrf-rx-path.c:444)
09/30 10:22:05.538: [pcrf] WARNING: Not supported AVP code(524) (../src/pcrf/pcrf-rx-path.c:423)
09/30 10:22:05.538: [pcrf] WARNING: Not supported AVP code(524) (../src/pcrf/pcrf-rx-path.c:423)
09/30 10:22:05.538: [pcrf] WARNING: Not supported AVP code(291) (../src/pcrf/pcrf-rx-path.c:444)
09/30 10:22:05.538: [pcrf] WARNING: Not supported AVP code(276) (../src/pcrf/pcrf-rx-path.c:444)
09/30 10:22:05.538: [pcrf] WARNING: Not supported AVP code(27) (../src/pcrf/pcrf-rx-path.c:444)
09/30 10:22:05.972: [pcrf] WARNING: Not supported AVP code(260) (../src/pcrf/pcrf-rx-path.c:444)
09/30 10:22:05.972: [pcrf] WARNING: Not supported AVP code(524) (../src/pcrf/pcrf-rx-path.c:423)
09/30 10:22:05.972: [pcrf] WARNING: Not supported AVP code(524) (../src/pcrf/pcrf-rx-path.c:423)
09/30 10:22:05.972: [pcrf] WARNING: Not supported AVP code(291) (../src/pcrf/pcrf-rx-path.c:444)
09/30 10:22:05.972: [pcrf] WARNING: Not supported AVP code(276) (../src/pcrf/pcrf-rx-path.c:444)
09/30 10:22:05.972: [pcrf] WARNING: Not supported AVP code(27) (../src/pcrf/pcrf-rx-path.c:444)
09/30 10:22:07.843: [pcrf] WARNING: Not supported AVP code(260) (../src/pcrf/pcrf-rx-path.c:444)
09/30 10:22:07.843: [pcrf] WARNING: Not supported AVP code(504) (../src/pcrf/pcrf-rx-path.c:444)
09/30 10:22:07.843: [pcrf] WARNING: Not supported AVP code(291) (../src/pcrf/pcrf-rx-path.c:444)
09/30 10:22:07.843: [pcrf] WARNING: Not supported AVP code(458) (../src/pcrf/pcrf-rx-path.c:444)
09/30 10:22:07.843: [pcrf] WARNING: Not supported AVP code(524) (../src/pcrf/pcrf-rx-path.c:423)
09/30 10:22:07.843: [pcrf] WARNING: Not supported AVP code(524) (../src/pcrf/pcrf-rx-path.c:423)
09/30 10:22:07.843: [pcrf] WARNING: Not supported AVP code(276) (../src/pcrf/pcrf-rx-path.c:444)
09/30 10:22:07.843: [pcrf] WARNING: Not supported AVP code(27) (../src/pcrf/pcrf-rx-path.c:444)
09/30 10:22:07.847: [pcrf] WARNING: Not supported AVP code(260) (../src/pcrf/pcrf-rx-path.c:444)
09/30 10:22:07.847: [pcrf] WARNING: Not supported AVP code(504) (../src/pcrf/pcrf-rx-path.c:444)
09/30 10:22:07.847: [pcrf] WARNING: Not supported AVP code(291) (../src/pcrf/pcrf-rx-path.c:444)
09/30 10:22:07.847: [pcrf] WARNING: Not supported AVP code(458) (../src/pcrf/pcrf-rx-path.c:444)
09/30 10:22:07.847: [pcrf] WARNING: Not supported AVP code(524) (../src/pcrf/pcrf-rx-path.c:423)
09/30 10:22:07.847: [pcrf] WARNING: Not supported AVP code(524) (../src/pcrf/pcrf-rx-path.c:423)
09/30 10:22:07.847: [pcrf] WARNING: Not supported AVP code(276) (../src/pcrf/pcrf-rx-path.c:444)
09/30 10:22:07.847: [pcrf] WARNING: Not supported AVP code(27) (../src/pcrf/pcrf-rx-path.c:444)
09/30 10:22:08.042: [pcrf] WARNING: Not supported AVP code(260) (../src/pcrf/pcrf-rx-path.c:444)
09/30 10:22:08.042: [pcrf] WARNING: Not supported AVP code(504) (../src/pcrf/pcrf-rx-path.c:444)
09/30 10:22:08.042: [pcrf] WARNING: Not supported AVP code(291) (../src/pcrf/pcrf-rx-path.c:444)
09/30 10:22:08.042: [pcrf] WARNING: Not supported AVP code(458) (../src/pcrf/pcrf-rx-path.c:444)
09/30 10:22:08.042: [pcrf] WARNING: Not supported AVP code(524) (../src/pcrf/pcrf-rx-path.c:423)
09/30 10:22:08.042: [pcrf] WARNING: Not supported AVP code(524) (../src/pcrf/pcrf-rx-path.c:423)
09/30 10:22:08.042: [pcrf] WARNING: Not supported AVP code(276) (../src/pcrf/pcrf-rx-path.c:444)
09/30 10:22:08.042: [pcrf] WARNING: Not supported AVP code(27) (../src/pcrf/pcrf-rx-path.c:444)
09/30 10:22:08.044: [pcrf] WARNING: Not supported AVP code(260) (../src/pcrf/pcrf-rx-path.c:444)
09/30 10:22:08.045: [pcrf] WARNING: Not supported AVP code(504) (../src/pcrf/pcrf-rx-path.c:444)
09/30 10:22:08.045: [pcrf] WARNING: Not supported AVP code(291) (../src/pcrf/pcrf-rx-path.c:444)
09/30 10:22:08.045: [pcrf] WARNING: Not supported AVP code(458) (../src/pcrf/pcrf-rx-path.c:444)
09/30 10:22:08.045: [pcrf] WARNING: Not supported AVP code(524) (../src/pcrf/pcrf-rx-path.c:423)
09/30 10:22:08.045: [pcrf] WARNING: Not supported AVP code(524) (../src/pcrf/pcrf-rx-path.c:423)
09/30 10:22:08.045: [pcrf] WARNING: Not supported AVP code(276) (../src/pcrf/pcrf-rx-path.c:444)
09/30 10:22:08.045: [pcrf] WARNING: Not supported AVP code(27) (../src/pcrf/pcrf-rx-path.c:444)
09/30 10:22:40.838: [pcrf] WARNING: Not supported AVP code(260) (../src/pcrf/pcrf-rx-path.c:444)
09/30 10:22:40.838: [pcrf] WARNING: Not supported AVP code(524) (../src/pcrf/pcrf-rx-path.c:423)
09/30 10:22:40.838: [pcrf] WARNING: Not supported AVP code(524) (../src/pcrf/pcrf-rx-path.c:423)
09/30 10:22:40.838: [pcrf] WARNING: Not supported AVP code(291) (../src/pcrf/pcrf-rx-path.c:444)
09/30 10:22:40.838: [pcrf] WARNING: Not supported AVP code(276) (../src/pcrf/pcrf-rx-path.c:444)
09/30 10:22:40.838: [pcrf] WARNING: Not supported AVP code(27) (../src/pcrf/pcrf-rx-path.c:444)
09/30 10:22:41.208: [pcrf] WARNING: Not supported AVP code(260) (../src/pcrf/pcrf-rx-path.c:444)
09/30 10:22:41.208: [pcrf] WARNING: Not supported AVP code(524) (../src/pcrf/pcrf-rx-path.c:423)
09/30 10:22:41.208: [pcrf] WARNING: Not supported AVP code(524) (../src/pcrf/pcrf-rx-path.c:423)
09/30 10:22:41.208: [pcrf] WARNING: Not supported AVP code(291) (../src/pcrf/pcrf-rx-path.c:444)
09/30 10:22:41.208: [pcrf] WARNING: Not supported AVP code(276) (../src/pcrf/pcrf-rx-path.c:444)
09/30 10:22:41.208: [pcrf] WARNING: Not supported AVP code(27) (../src/pcrf/pcrf-rx-path.c:444)
09/30 10:24:14.627: [pcrf] WARNING: Not supported AVP code(260) (../src/pcrf/pcrf-rx-path.c:444)
09/30 10:24:14.627: [pcrf] WARNING: Not supported AVP code(504) (../src/pcrf/pcrf-rx-path.c:444)
09/30 10:24:14.627: [pcrf] WARNING: Not supported AVP code(291) (../src/pcrf/pcrf-rx-path.c:444)
09/30 10:24:14.627: [pcrf] WARNING: Not supported AVP code(458) (../src/pcrf/pcrf-rx-path.c:444)
09/30 10:24:14.627: [pcrf] WARNING: Not supported AVP code(524) (../src/pcrf/pcrf-rx-path.c:423)
09/30 10:24:14.627: [pcrf] WARNING: Not supported AVP code(524) (../src/pcrf/pcrf-rx-path.c:423)
09/30 10:24:14.627: [pcrf] WARNING: Not supported AVP code(276) (../src/pcrf/pcrf-rx-path.c:444)
09/30 10:24:14.627: [pcrf] WARNING: Not supported AVP code(27) (../src/pcrf/pcrf-rx-path.c:444)
09/30 10:24:14.631: [pcrf] WARNING: Not supported AVP code(260) (../src/pcrf/pcrf-rx-path.c:444)
09/30 10:24:14.631: [pcrf] WARNING: Not supported AVP code(504) (../src/pcrf/pcrf-rx-path.c:444)
09/30 10:24:14.631: [pcrf] WARNING: Not supported AVP code(291) (../src/pcrf/pcrf-rx-path.c:444)
09/30 10:24:14.631: [pcrf] WARNING: Not supported AVP code(458) (../src/pcrf/pcrf-rx-path.c:444)
09/30 10:24:14.631: [pcrf] WARNING: Not supported AVP code(524) (../src/pcrf/pcrf-rx-path.c:423)
09/30 10:24:14.631: [pcrf] WARNING: Not supported AVP code(524) (../src/pcrf/pcrf-rx-path.c:423)
09/30 10:24:14.631: [pcrf] WARNING: Not supported AVP code(276) (../src/pcrf/pcrf-rx-path.c:444)
09/30 10:24:14.631: [pcrf] WARNING: Not supported AVP code(27) (../src/pcrf/pcrf-rx-path.c:444)
Open5GS daemon v2.2.9-1558-g470ce19

09/30 10:36:42.286: [app] INFO: Configuration: '/open5gs/install/etc/open5gs/pcrf.yaml' (../lib/app/ogs-init.c:144)
09/30 10:36:42.286: [app] INFO: File Logging: '/open5gs/install/var/log/open5gs/pcrf.log' (../lib/app/ogs-init.c:147)
09/30 10:36:42.289: [dbi] INFO: MongoDB URI: 'mongodb://172.22.0.2/open5gs' (../lib/dbi/ogs-mongoc.c:130)
09/30 10:36:42.383: [app] INFO: Polling freeDiameter stats every 60000000 usecs (../lib/diameter/common/stats.c:77)
09/30 10:36:42.384: [app] INFO: PCRF initialize...done (../src/pcrf/app-init.c:31)
09/30 10:36:42.389: [diam] INFO: CONNECTED TO 'smf.epc.mnc001.mcc001.3gppnetwork.org' (SCTP,soc#15): (../lib/diameter/common/logger.c:81)
09/30 10:36:54.082: [diam] INFO: CONNECTED TO 'pcscf.ims.mnc001.mcc001.3gppnetwork.org' (TCP,soc#13): (../lib/diameter/common/logger.c:81)
09/30 10:38:28.126: [pcrf] WARNING: Not supported AVP code(260) (../src/pcrf/pcrf-rx-path.c:444)
09/30 10:38:28.126: [pcrf] WARNING: Not supported AVP code(524) (../src/pcrf/pcrf-rx-path.c:423)
09/30 10:38:28.126: [pcrf] WARNING: Not supported AVP code(524) (../src/pcrf/pcrf-rx-path.c:423)
09/30 10:38:28.126: [pcrf] WARNING: Not supported AVP code(291) (../src/pcrf/pcrf-rx-path.c:444)
09/30 10:38:28.126: [pcrf] WARNING: Not supported AVP code(276) (../src/pcrf/pcrf-rx-path.c:444)
09/30 10:38:28.126: [pcrf] WARNING: Not supported AVP code(27) (../src/pcrf/pcrf-rx-path.c:444)
09/30 10:38:28.502: [pcrf] WARNING: Not supported AVP code(260) (../src/pcrf/pcrf-rx-path.c:444)
09/30 10:38:28.502: [pcrf] WARNING: Not supported AVP code(524) (../src/pcrf/pcrf-rx-path.c:423)
09/30 10:38:28.502: [pcrf] WARNING: Not supported AVP code(524) (../src/pcrf/pcrf-rx-path.c:423)
09/30 10:38:28.502: [pcrf] WARNING: Not supported AVP code(291) (../src/pcrf/pcrf-rx-path.c:444)
09/30 10:38:28.502: [pcrf] WARNING: Not supported AVP code(276) (../src/pcrf/pcrf-rx-path.c:444)
09/30 10:38:28.502: [pcrf] WARNING: Not supported AVP code(27) (../src/pcrf/pcrf-rx-path.c:444)
09/30 10:38:44.721: [pcrf] WARNING: Not supported AVP code(260) (../src/pcrf/pcrf-rx-path.c:444)
09/30 10:38:44.721: [pcrf] WARNING: Not supported AVP code(524) (../src/pcrf/pcrf-rx-path.c:423)
09/30 10:38:44.721: [pcrf] WARNING: Not supported AVP code(524) (../src/pcrf/pcrf-rx-path.c:423)
09/30 10:38:44.721: [pcrf] WARNING: Not supported AVP code(291) (../src/pcrf/pcrf-rx-path.c:444)
09/30 10:38:44.721: [pcrf] WARNING: Not supported AVP code(276) (../src/pcrf/pcrf-rx-path.c:444)
09/30 10:38:44.721: [pcrf] WARNING: Not supported AVP code(27) (../src/pcrf/pcrf-rx-path.c:444)
09/30 10:38:45.112: [pcrf] WARNING: Not supported AVP code(260) (../src/pcrf/pcrf-rx-path.c:444)
09/30 10:38:45.112: [pcrf] WARNING: Not supported AVP code(524) (../src/pcrf/pcrf-rx-path.c:423)
09/30 10:38:45.112: [pcrf] WARNING: Not supported AVP code(524) (../src/pcrf/pcrf-rx-path.c:423)
09/30 10:38:45.112: [pcrf] WARNING: Not supported AVP code(291) (../src/pcrf/pcrf-rx-path.c:444)
09/30 10:38:45.112: [pcrf] WARNING: Not supported AVP code(276) (../src/pcrf/pcrf-rx-path.c:444)
09/30 10:38:45.112: [pcrf] WARNING: Not supported AVP code(27) (../src/pcrf/pcrf-rx-path.c:444)
09/30 10:40:04.726: [pcrf] WARNING: Not supported AVP code(260) (../src/pcrf/pcrf-rx-path.c:444)
09/30 10:40:04.726: [pcrf] WARNING: Not supported AVP code(524) (../src/pcrf/pcrf-rx-path.c:423)
09/30 10:40:04.726: [pcrf] WARNING: Not supported AVP code(524) (../src/pcrf/pcrf-rx-path.c:423)
09/30 10:40:04.726: [pcrf] WARNING: Not supported AVP code(291) (../src/pcrf/pcrf-rx-path.c:444)
09/30 10:40:04.726: [pcrf] WARNING: Not supported AVP code(276) (../src/pcrf/pcrf-rx-path.c:444)
09/30 10:40:04.726: [pcrf] WARNING: Not supported AVP code(27) (../src/pcrf/pcrf-rx-path.c:444)
09/30 10:40:05.135: [pcrf] WARNING: Not supported AVP code(260) (../src/pcrf/pcrf-rx-path.c:444)
09/30 10:40:05.135: [pcrf] WARNING: Not supported AVP code(524) (../src/pcrf/pcrf-rx-path.c:423)
09/30 10:40:05.135: [pcrf] WARNING: Not supported AVP code(524) (../src/pcrf/pcrf-rx-path.c:423)
09/30 10:40:05.135: [pcrf] WARNING: Not supported AVP code(291) (../src/pcrf/pcrf-rx-path.c:444)
09/30 10:40:05.135: [pcrf] WARNING: Not supported AVP code(276) (../src/pcrf/pcrf-rx-path.c:444)
09/30 10:40:05.135: [pcrf] WARNING: Not supported AVP code(27) (../src/pcrf/pcrf-rx-path.c:444)
09/30 10:41:13.410: [pcrf] WARNING: Not supported AVP code(260) (../src/pcrf/pcrf-rx-path.c:444)
09/30 10:41:13.410: [pcrf] WARNING: Not supported AVP code(524) (../src/pcrf/pcrf-rx-path.c:423)
09/30 10:41:13.410: [pcrf] WARNING: Not supported AVP code(524) (../src/pcrf/pcrf-rx-path.c:423)
09/30 10:41:13.410: [pcrf] WARNING: Not supported AVP code(291) (../src/pcrf/pcrf-rx-path.c:444)
09/30 10:41:13.410: [pcrf] WARNING: Not supported AVP code(276) (../src/pcrf/pcrf-rx-path.c:444)
09/30 10:41:13.410: [pcrf] WARNING: Not supported AVP code(27) (../src/pcrf/pcrf-rx-path.c:444)
09/30 10:41:13.760: [pcrf] WARNING: Not supported AVP code(260) (../src/pcrf/pcrf-rx-path.c:444)
09/30 10:41:13.760: [pcrf] WARNING: Not supported AVP code(524) (../src/pcrf/pcrf-rx-path.c:423)
09/30 10:41:13.760: [pcrf] WARNING: Not supported AVP code(524) (../src/pcrf/pcrf-rx-path.c:423)
09/30 10:41:13.760: [pcrf] WARNING: Not supported AVP code(291) (../src/pcrf/pcrf-rx-path.c:444)
09/30 10:41:13.760: [pcrf] WARNING: Not supported AVP code(276) (../src/pcrf/pcrf-rx-path.c:444)
09/30 10:41:13.760: [pcrf] WARNING: Not supported AVP code(27) (../src/pcrf/pcrf-rx-path.c:444)
09/30 10:41:22.851: [pcrf] WARNING: Not supported AVP code(260) (../src/pcrf/pcrf-rx-path.c:444)
09/30 10:41:22.851: [pcrf] WARNING: Not supported AVP code(524) (../src/pcrf/pcrf-rx-path.c:423)
09/30 10:41:22.851: [pcrf] WARNING: Not supported AVP code(524) (../src/pcrf/pcrf-rx-path.c:423)
09/30 10:41:22.851: [pcrf] WARNING: Not supported AVP code(291) (../src/pcrf/pcrf-rx-path.c:444)
09/30 10:41:22.851: [pcrf] WARNING: Not supported AVP code(276) (../src/pcrf/pcrf-rx-path.c:444)
09/30 10:41:22.851: [pcrf] WARNING: Not supported AVP code(27) (../src/pcrf/pcrf-rx-path.c:444)
09/30 10:41:23.201: [pcrf] WARNING: Not supported AVP code(260) (../src/pcrf/pcrf-rx-path.c:444)
09/30 10:41:23.201: [pcrf] WARNING: Not supported AVP code(524) (../src/pcrf/pcrf-rx-path.c:423)
09/30 10:41:23.201: [pcrf] WARNING: Not supported AVP code(524) (../src/pcrf/pcrf-rx-path.c:423)
09/30 10:41:23.201: [pcrf] WARNING: Not supported AVP code(291) (../src/pcrf/pcrf-rx-path.c:444)
09/30 10:41:23.201: [pcrf] WARNING: Not supported AVP code(276) (../src/pcrf/pcrf-rx-path.c:444)
09/30 10:41:23.201: [pcrf] WARNING: Not supported AVP code(27) (../src/pcrf/pcrf-rx-path.c:444)
Open5GS daemon v2.2.9-1558-g470ce19

09/30 10:47:53.239: [app] INFO: Configuration: '/open5gs/install/etc/open5gs/pcrf.yaml' (../lib/app/ogs-init.c:144)
09/30 10:47:53.239: [app] INFO: File Logging: '/open5gs/install/var/log/open5gs/pcrf.log' (../lib/app/ogs-init.c:147)
09/30 10:47:53.242: [dbi] INFO: MongoDB URI: 'mongodb://172.22.0.2/open5gs' (../lib/dbi/ogs-mongoc.c:130)
09/30 10:47:53.313: [app] INFO: Polling freeDiameter stats every 60000000 usecs (../lib/diameter/common/stats.c:77)
09/30 10:47:53.313: [app] INFO: PCRF initialize...done (../src/pcrf/app-init.c:31)
09/30 10:47:53.316: [diam] INFO: CONNECTED TO 'smf.epc.mnc001.mcc001.3gppnetwork.org' (SCTP,soc#16): (../lib/diameter/common/logger.c:81)
09/30 10:48:05.290: [diam] INFO: CONNECTED TO 'pcscf.ims.mnc001.mcc001.3gppnetwork.org' (TCP,soc#13): (../lib/diameter/common/logger.c:81)
09/30 10:49:01.565: [pcrf] WARNING: Not supported AVP code(260) (../src/pcrf/pcrf-rx-path.c:444)
09/30 10:49:01.565: [pcrf] WARNING: Not supported AVP code(524) (../src/pcrf/pcrf-rx-path.c:423)
09/30 10:49:01.565: [pcrf] WARNING: Not supported AVP code(524) (../src/pcrf/pcrf-rx-path.c:423)
09/30 10:49:01.565: [pcrf] WARNING: Not supported AVP code(291) (../src/pcrf/pcrf-rx-path.c:444)
09/30 10:49:01.565: [pcrf] WARNING: Not supported AVP code(276) (../src/pcrf/pcrf-rx-path.c:444)
09/30 10:49:01.565: [pcrf] WARNING: Not supported AVP code(27) (../src/pcrf/pcrf-rx-path.c:444)
09/30 10:49:01.580: [pcrf] WARNING: Not supported AVP code(260) (../src/pcrf/pcrf-rx-path.c:444)
09/30 10:49:01.580: [pcrf] WARNING: Not supported AVP code(524) (../src/pcrf/pcrf-rx-path.c:423)
09/30 10:49:01.580: [pcrf] WARNING: Not supported AVP code(524) (../src/pcrf/pcrf-rx-path.c:423)
09/30 10:49:01.580: [pcrf] WARNING: Not supported AVP code(291) (../src/pcrf/pcrf-rx-path.c:444)
09/30 10:49:01.580: [pcrf] WARNING: Not supported AVP code(276) (../src/pcrf/pcrf-rx-path.c:444)
09/30 10:49:01.580: [pcrf] WARNING: Not supported AVP code(27) (../src/pcrf/pcrf-rx-path.c:444)
09/30 10:49:02.000: [pcrf] WARNING: Not supported AVP code(260) (../src/pcrf/pcrf-rx-path.c:444)
09/30 10:49:02.000: [pcrf] WARNING: Not supported AVP code(524) (../src/pcrf/pcrf-rx-path.c:423)
09/30 10:49:02.000: [pcrf] WARNING: Not supported AVP code(524) (../src/pcrf/pcrf-rx-path.c:423)
09/30 10:49:02.000: [pcrf] WARNING: Not supported AVP code(291) (../src/pcrf/pcrf-rx-path.c:444)
09/30 10:49:02.000: [pcrf] WARNING: Not supported AVP code(276) (../src/pcrf/pcrf-rx-path.c:444)
09/30 10:49:02.000: [pcrf] WARNING: Not supported AVP code(27) (../src/pcrf/pcrf-rx-path.c:444)
09/30 10:49:04.793: [pcrf] WARNING: Not supported AVP code(260) (../src/pcrf/pcrf-rx-path.c:444)
09/30 10:49:04.793: [pcrf] WARNING: Not supported AVP code(524) (../src/pcrf/pcrf-rx-path.c:423)
09/30 10:49:04.793: [pcrf] WARNING: Not supported AVP code(524) (../src/pcrf/pcrf-rx-path.c:423)
09/30 10:49:04.793: [pcrf] WARNING: Not supported AVP code(291) (../src/pcrf/pcrf-rx-path.c:444)
09/30 10:49:04.793: [pcrf] WARNING: Not supported AVP code(276) (../src/pcrf/pcrf-rx-path.c:444)
09/30 10:49:04.793: [pcrf] WARNING: Not supported AVP code(27) (../src/pcrf/pcrf-rx-path.c:444)
09/30 10:50:17.836: [pcrf] WARNING: Not supported AVP code(260) (../src/pcrf/pcrf-rx-path.c:444)
09/30 10:50:17.836: [pcrf] WARNING: Not supported AVP code(524) (../src/pcrf/pcrf-rx-path.c:423)
09/30 10:50:17.836: [pcrf] WARNING: Not supported AVP code(524) (../src/pcrf/pcrf-rx-path.c:423)
09/30 10:50:17.836: [pcrf] WARNING: Not supported AVP code(291) (../src/pcrf/pcrf-rx-path.c:444)
09/30 10:50:17.836: [pcrf] WARNING: Not supported AVP code(276) (../src/pcrf/pcrf-rx-path.c:444)
09/30 10:50:17.836: [pcrf] WARNING: Not supported AVP code(27) (../src/pcrf/pcrf-rx-path.c:444)
09/30 10:50:18.268: [pcrf] WARNING: Not supported AVP code(260) (../src/pcrf/pcrf-rx-path.c:444)
09/30 10:50:18.268: [pcrf] WARNING: Not supported AVP code(524) (../src/pcrf/pcrf-rx-path.c:423)
09/30 10:50:18.268: [pcrf] WARNING: Not supported AVP code(524) (../src/pcrf/pcrf-rx-path.c:423)
09/30 10:50:18.268: [pcrf] WARNING: Not supported AVP code(291) (../src/pcrf/pcrf-rx-path.c:444)
09/30 10:50:18.268: [pcrf] WARNING: Not supported AVP code(276) (../src/pcrf/pcrf-rx-path.c:444)
09/30 10:50:18.268: [pcrf] WARNING: Not supported AVP code(27) (../src/pcrf/pcrf-rx-path.c:444)
09/30 10:51:02.990: [pcrf] WARNING: Not supported AVP code(260) (../src/pcrf/pcrf-rx-path.c:444)
09/30 10:51:02.990: [pcrf] WARNING: Not supported AVP code(524) (../src/pcrf/pcrf-rx-path.c:423)
09/30 10:51:02.990: [pcrf] WARNING: Not supported AVP code(524) (../src/pcrf/pcrf-rx-path.c:423)
09/30 10:51:02.990: [pcrf] WARNING: Not supported AVP code(291) (../src/pcrf/pcrf-rx-path.c:444)
09/30 10:51:02.990: [pcrf] WARNING: Not supported AVP code(276) (../src/pcrf/pcrf-rx-path.c:444)
09/30 10:51:02.990: [pcrf] WARNING: Not supported AVP code(27) (../src/pcrf/pcrf-rx-path.c:444)
09/30 10:51:03.440: [pcrf] WARNING: Not supported AVP code(260) (../src/pcrf/pcrf-rx-path.c:444)
09/30 10:51:03.440: [pcrf] WARNING: Not supported AVP code(524) (../src/pcrf/pcrf-rx-path.c:423)
09/30 10:51:03.440: [pcrf] WARNING: Not supported AVP code(524) (../src/pcrf/pcrf-rx-path.c:423)
09/30 10:51:03.440: [pcrf] WARNING: Not supported AVP code(291) (../src/pcrf/pcrf-rx-path.c:444)
09/30 10:51:03.440: [pcrf] WARNING: Not supported AVP code(276) (../src/pcrf/pcrf-rx-path.c:444)
09/30 10:51:03.440: [pcrf] WARNING: Not supported AVP code(27) (../src/pcrf/pcrf-rx-path.c:444)
09/30 10:52:01.491: [pcrf] WARNING: Not supported AVP code(260) (../src/pcrf/pcrf-rx-path.c:444)
09/30 10:52:01.491: [pcrf] WARNING: Not supported AVP code(524) (../src/pcrf/pcrf-rx-path.c:423)
09/30 10:52:01.491: [pcrf] WARNING: Not supported AVP code(524) (../src/pcrf/pcrf-rx-path.c:423)
09/30 10:52:01.491: [pcrf] WARNING: Not supported AVP code(291) (../src/pcrf/pcrf-rx-path.c:444)
09/30 10:52:01.491: [pcrf] WARNING: Not supported AVP code(276) (../src/pcrf/pcrf-rx-path.c:444)
09/30 10:52:01.491: [pcrf] WARNING: Not supported AVP code(27) (../src/pcrf/pcrf-rx-path.c:444)
09/30 10:52:01.920: [pcrf] WARNING: Not supported AVP code(260) (../src/pcrf/pcrf-rx-path.c:444)
09/30 10:52:01.920: [pcrf] WARNING: Not supported AVP code(524) (../src/pcrf/pcrf-rx-path.c:423)
09/30 10:52:01.920: [pcrf] WARNING: Not supported AVP code(524) (../src/pcrf/pcrf-rx-path.c:423)
09/30 10:52:01.920: [pcrf] WARNING: Not supported AVP code(291) (../src/pcrf/pcrf-rx-path.c:444)
09/30 10:52:01.920: [pcrf] WARNING: Not supported AVP code(276) (../src/pcrf/pcrf-rx-path.c:444)
09/30 10:52:01.920: [pcrf] WARNING: Not supported AVP code(27) (../src/pcrf/pcrf-rx-path.c:444)
09/30 10:52:03.030: [pcrf] WARNING: Not supported AVP code(260) (../src/pcrf/pcrf-rx-path.c:444)
09/30 10:52:03.031: [pcrf] WARNING: Not supported AVP code(524) (../src/pcrf/pcrf-rx-path.c:423)
09/30 10:52:03.031: [pcrf] WARNING: Not supported AVP code(524) (../src/pcrf/pcrf-rx-path.c:423)
09/30 10:52:03.031: [pcrf] WARNING: Not supported AVP code(291) (../src/pcrf/pcrf-rx-path.c:444)
09/30 10:52:03.031: [pcrf] WARNING: Not supported AVP code(276) (../src/pcrf/pcrf-rx-path.c:444)
09/30 10:52:03.031: [pcrf] WARNING: Not supported AVP code(27) (../src/pcrf/pcrf-rx-path.c:444)
09/30 10:52:03.462: [pcrf] WARNING: Not supported AVP code(260) (../src/pcrf/pcrf-rx-path.c:444)
09/30 10:52:03.462: [pcrf] WARNING: Not supported AVP code(524) (../src/pcrf/pcrf-rx-path.c:423)
09/30 10:52:03.462: [pcrf] WARNING: Not supported AVP code(524) (../src/pcrf/pcrf-rx-path.c:423)
09/30 10:52:03.462: [pcrf] WARNING: Not supported AVP code(291) (../src/pcrf/pcrf-rx-path.c:444)
09/30 10:52:03.462: [pcrf] WARNING: Not supported AVP code(276) (../src/pcrf/pcrf-rx-path.c:444)
09/30 10:52:03.462: [pcrf] WARNING: Not supported AVP code(27) (../src/pcrf/pcrf-rx-path.c:444)
09/30 10:52:06.964: [pcrf] WARNING: Not supported AVP code(260) (../src/pcrf/pcrf-rx-path.c:444)
09/30 10:52:06.964: [pcrf] WARNING: Not supported AVP code(504) (../src/pcrf/pcrf-rx-path.c:444)
09/30 10:52:06.964: [pcrf] WARNING: Not supported AVP code(291) (../src/pcrf/pcrf-rx-path.c:444)
09/30 10:52:06.964: [pcrf] WARNING: Not supported AVP code(458) (../src/pcrf/pcrf-rx-path.c:444)
09/30 10:52:06.964: [pcrf] WARNING: Not supported AVP code(524) (../src/pcrf/pcrf-rx-path.c:423)
09/30 10:52:06.964: [pcrf] WARNING: Not supported AVP code(524) (../src/pcrf/pcrf-rx-path.c:423)
09/30 10:52:06.964: [pcrf] WARNING: Not supported AVP code(276) (../src/pcrf/pcrf-rx-path.c:444)
09/30 10:52:06.964: [pcrf] WARNING: Not supported AVP code(27) (../src/pcrf/pcrf-rx-path.c:444)
09/30 10:52:06.968: [pcrf] WARNING: Not supported AVP code(260) (../src/pcrf/pcrf-rx-path.c:444)
09/30 10:52:06.968: [pcrf] WARNING: Not supported AVP code(504) (../src/pcrf/pcrf-rx-path.c:444)
09/30 10:52:06.968: [pcrf] WARNING: Not supported AVP code(291) (../src/pcrf/pcrf-rx-path.c:444)
09/30 10:52:06.968: [pcrf] WARNING: Not supported AVP code(458) (../src/pcrf/pcrf-rx-path.c:444)
09/30 10:52:06.968: [pcrf] WARNING: Not supported AVP code(524) (../src/pcrf/pcrf-rx-path.c:423)
09/30 10:52:06.968: [pcrf] WARNING: Not supported AVP code(524) (../src/pcrf/pcrf-rx-path.c:423)
09/30 10:52:06.968: [pcrf] WARNING: Not supported AVP code(276) (../src/pcrf/pcrf-rx-path.c:444)
09/30 10:52:06.968: [pcrf] WARNING: Not supported AVP code(27) (../src/pcrf/pcrf-rx-path.c:444)
Open5GS daemon v2.2.9-1558-g470ce19

09/30 10:54:17.125: [app] INFO: Configuration: '/open5gs/install/etc/open5gs/pcrf.yaml' (../lib/app/ogs-init.c:144)
09/30 10:54:17.125: [app] INFO: File Logging: '/open5gs/install/var/log/open5gs/pcrf.log' (../lib/app/ogs-init.c:147)
09/30 10:54:17.129: [dbi] INFO: MongoDB URI: 'mongodb://172.22.0.2/open5gs' (../lib/dbi/ogs-mongoc.c:130)
09/30 10:54:17.186: [app] INFO: Polling freeDiameter stats every 60000000 usecs (../lib/diameter/common/stats.c:77)
09/30 10:54:17.186: [app] INFO: PCRF initialize...done (../src/pcrf/app-init.c:31)
09/30 10:54:17.188: [diam] INFO: CONNECTED TO 'smf.epc.mnc001.mcc001.3gppnetwork.org' (SCTP,soc#14): (../lib/diameter/common/logger.c:81)
09/30 10:54:28.812: [diam] INFO: CONNECTED TO 'pcscf.ims.mnc001.mcc001.3gppnetwork.org' (TCP,soc#12): (../lib/diameter/common/logger.c:81)
09/30 10:54:34.499: [pcrf] WARNING: Not supported AVP code(260) (../src/pcrf/pcrf-rx-path.c:444)
09/30 10:54:34.499: [pcrf] WARNING: Not supported AVP code(524) (../src/pcrf/pcrf-rx-path.c:423)
09/30 10:54:34.499: [pcrf] WARNING: Not supported AVP code(524) (../src/pcrf/pcrf-rx-path.c:423)
09/30 10:54:34.499: [pcrf] WARNING: Not supported AVP code(291) (../src/pcrf/pcrf-rx-path.c:444)
09/30 10:54:34.499: [pcrf] WARNING: Not supported AVP code(276) (../src/pcrf/pcrf-rx-path.c:444)
09/30 10:54:34.499: [pcrf] WARNING: Not supported AVP code(27) (../src/pcrf/pcrf-rx-path.c:444)
09/30 10:55:19.633: [pcrf] WARNING: Not supported AVP code(260) (../src/pcrf/pcrf-rx-path.c:444)
09/30 10:55:19.633: [pcrf] WARNING: Not supported AVP code(524) (../src/pcrf/pcrf-rx-path.c:423)
09/30 10:55:19.633: [pcrf] WARNING: Not supported AVP code(524) (../src/pcrf/pcrf-rx-path.c:423)
09/30 10:55:19.633: [pcrf] WARNING: Not supported AVP code(291) (../src/pcrf/pcrf-rx-path.c:444)
09/30 10:55:19.633: [pcrf] WARNING: Not supported AVP code(276) (../src/pcrf/pcrf-rx-path.c:444)
09/30 10:55:19.633: [pcrf] WARNING: Not supported AVP code(27) (../src/pcrf/pcrf-rx-path.c:444)
09/30 10:55:20.085: [pcrf] WARNING: Not supported AVP code(260) (../src/pcrf/pcrf-rx-path.c:444)
09/30 10:55:20.085: [pcrf] WARNING: Not supported AVP code(524) (../src/pcrf/pcrf-rx-path.c:423)
09/30 10:55:20.085: [pcrf] WARNING: Not supported AVP code(524) (../src/pcrf/pcrf-rx-path.c:423)
09/30 10:55:20.085: [pcrf] WARNING: Not supported AVP code(291) (../src/pcrf/pcrf-rx-path.c:444)
09/30 10:55:20.085: [pcrf] WARNING: Not supported AVP code(276) (../src/pcrf/pcrf-rx-path.c:444)
09/30 10:55:20.085: [pcrf] WARNING: Not supported AVP code(27) (../src/pcrf/pcrf-rx-path.c:444)
09/30 10:55:39.084: [pcrf] WARNING: Not supported AVP code(260) (../src/pcrf/pcrf-rx-path.c:444)
09/30 10:55:39.084: [pcrf] WARNING: Not supported AVP code(524) (../src/pcrf/pcrf-rx-path.c:423)
09/30 10:55:39.084: [pcrf] WARNING: Not supported AVP code(524) (../src/pcrf/pcrf-rx-path.c:423)
09/30 10:55:39.084: [pcrf] WARNING: Not supported AVP code(291) (../src/pcrf/pcrf-rx-path.c:444)
09/30 10:55:39.084: [pcrf] WARNING: Not supported AVP code(276) (../src/pcrf/pcrf-rx-path.c:444)
09/30 10:55:39.084: [pcrf] WARNING: Not supported AVP code(27) (../src/pcrf/pcrf-rx-path.c:444)
09/30 10:55:39.434: [pcrf] WARNING: Not supported AVP code(260) (../src/pcrf/pcrf-rx-path.c:444)
09/30 10:55:39.434: [pcrf] WARNING: Not supported AVP code(524) (../src/pcrf/pcrf-rx-path.c:423)
09/30 10:55:39.434: [pcrf] WARNING: Not supported AVP code(524) (../src/pcrf/pcrf-rx-path.c:423)
09/30 10:55:39.434: [pcrf] WARNING: Not supported AVP code(291) (../src/pcrf/pcrf-rx-path.c:444)
09/30 10:55:39.434: [pcrf] WARNING: Not supported AVP code(276) (../src/pcrf/pcrf-rx-path.c:444)
09/30 10:55:39.434: [pcrf] WARNING: Not supported AVP code(27) (../src/pcrf/pcrf-rx-path.c:444)
09/30 10:56:11.851: [pcrf] WARNING: Not supported AVP code(260) (../src/pcrf/pcrf-rx-path.c:444)
09/30 10:56:11.851: [pcrf] WARNING: Not supported AVP code(524) (../src/pcrf/pcrf-rx-path.c:423)
09/30 10:56:11.851: [pcrf] WARNING: Not supported AVP code(524) (../src/pcrf/pcrf-rx-path.c:423)
09/30 10:56:11.851: [pcrf] WARNING: Not supported AVP code(291) (../src/pcrf/pcrf-rx-path.c:444)
09/30 10:56:11.851: [pcrf] WARNING: Not supported AVP code(276) (../src/pcrf/pcrf-rx-path.c:444)
09/30 10:56:11.851: [pcrf] WARNING: Not supported AVP code(27) (../src/pcrf/pcrf-rx-path.c:444)
09/30 10:56:12.281: [pcrf] WARNING: Not supported AVP code(260) (../src/pcrf/pcrf-rx-path.c:444)
09/30 10:56:12.281: [pcrf] WARNING: Not supported AVP code(524) (../src/pcrf/pcrf-rx-path.c:423)
09/30 10:56:12.282: [pcrf] WARNING: Not supported AVP code(524) (../src/pcrf/pcrf-rx-path.c:423)
09/30 10:56:12.282: [pcrf] WARNING: Not supported AVP code(291) (../src/pcrf/pcrf-rx-path.c:444)
09/30 10:56:12.282: [pcrf] WARNING: Not supported AVP code(276) (../src/pcrf/pcrf-rx-path.c:444)
09/30 10:56:12.282: [pcrf] WARNING: Not supported AVP code(27) (../src/pcrf/pcrf-rx-path.c:444)
09/30 10:56:41.935: [pcrf] WARNING: Not supported AVP code(260) (../src/pcrf/pcrf-rx-path.c:444)
09/30 10:56:41.935: [pcrf] WARNING: Not supported AVP code(524) (../src/pcrf/pcrf-rx-path.c:423)
09/30 10:56:41.935: [pcrf] WARNING: Not supported AVP code(524) (../src/pcrf/pcrf-rx-path.c:423)
09/30 10:56:41.935: [pcrf] WARNING: Not supported AVP code(291) (../src/pcrf/pcrf-rx-path.c:444)
09/30 10:56:41.935: [pcrf] WARNING: Not supported AVP code(276) (../src/pcrf/pcrf-rx-path.c:444)
09/30 10:56:41.935: [pcrf] WARNING: Not supported AVP code(27) (../src/pcrf/pcrf-rx-path.c:444)
09/30 10:56:42.465: [pcrf] WARNING: Not supported AVP code(260) (../src/pcrf/pcrf-rx-path.c:444)
09/30 10:56:42.465: [pcrf] WARNING: Not supported AVP code(524) (../src/pcrf/pcrf-rx-path.c:423)
09/30 10:56:42.465: [pcrf] WARNING: Not supported AVP code(524) (../src/pcrf/pcrf-rx-path.c:423)
09/30 10:56:42.465: [pcrf] WARNING: Not supported AVP code(291) (../src/pcrf/pcrf-rx-path.c:444)
09/30 10:56:42.465: [pcrf] WARNING: Not supported AVP code(276) (../src/pcrf/pcrf-rx-path.c:444)
09/30 10:56:42.465: [pcrf] WARNING: Not supported AVP code(27) (../src/pcrf/pcrf-rx-path.c:444)
09/30 10:56:43.282: [pcrf] WARNING: Not supported AVP code(260) (../src/pcrf/pcrf-rx-path.c:444)
09/30 10:56:43.282: [pcrf] WARNING: Not supported AVP code(524) (../src/pcrf/pcrf-rx-path.c:423)
09/30 10:56:43.282: [pcrf] WARNING: Not supported AVP code(524) (../src/pcrf/pcrf-rx-path.c:423)
09/30 10:56:43.282: [pcrf] WARNING: Not supported AVP code(291) (../src/pcrf/pcrf-rx-path.c:444)
09/30 10:56:43.282: [pcrf] WARNING: Not supported AVP code(276) (../src/pcrf/pcrf-rx-path.c:444)
09/30 10:56:43.282: [pcrf] WARNING: Not supported AVP code(27) (../src/pcrf/pcrf-rx-path.c:444)
09/30 10:56:43.651: [pcrf] WARNING: Not supported AVP code(260) (../src/pcrf/pcrf-rx-path.c:444)
09/30 10:56:43.651: [pcrf] WARNING: Not supported AVP code(524) (../src/pcrf/pcrf-rx-path.c:423)
09/30 10:56:43.651: [pcrf] WARNING: Not supported AVP code(524) (../src/pcrf/pcrf-rx-path.c:423)
09/30 10:56:43.651: [pcrf] WARNING: Not supported AVP code(291) (../src/pcrf/pcrf-rx-path.c:444)
09/30 10:56:43.651: [pcrf] WARNING: Not supported AVP code(276) (../src/pcrf/pcrf-rx-path.c:444)
09/30 10:56:43.651: [pcrf] WARNING: Not supported AVP code(27) (../src/pcrf/pcrf-rx-path.c:444)
09/30 10:56:50.132: [pcrf] WARNING: Not supported AVP code(260) (../src/pcrf/pcrf-rx-path.c:444)
09/30 10:56:50.132: [pcrf] WARNING: Not supported AVP code(504) (../src/pcrf/pcrf-rx-path.c:444)
09/30 10:56:50.132: [pcrf] WARNING: Not supported AVP code(291) (../src/pcrf/pcrf-rx-path.c:444)
09/30 10:56:50.132: [pcrf] WARNING: Not supported AVP code(458) (../src/pcrf/pcrf-rx-path.c:444)
09/30 10:56:50.132: [pcrf] WARNING: Not supported AVP code(524) (../src/pcrf/pcrf-rx-path.c:423)
09/30 10:56:50.132: [pcrf] WARNING: Not supported AVP code(524) (../src/pcrf/pcrf-rx-path.c:423)
09/30 10:56:50.132: [pcrf] WARNING: Not supported AVP code(276) (../src/pcrf/pcrf-rx-path.c:444)
09/30 10:56:50.132: [pcrf] WARNING: Not supported AVP code(27) (../src/pcrf/pcrf-rx-path.c:444)
09/30 10:56:50.136: [pcrf] WARNING: Not supported AVP code(260) (../src/pcrf/pcrf-rx-path.c:444)
09/30 10:56:50.136: [pcrf] WARNING: Not supported AVP code(504) (../src/pcrf/pcrf-rx-path.c:444)
09/30 10:56:50.136: [pcrf] WARNING: Not supported AVP code(291) (../src/pcrf/pcrf-rx-path.c:444)
09/30 10:56:50.136: [pcrf] WARNING: Not supported AVP code(458) (../src/pcrf/pcrf-rx-path.c:444)
09/30 10:56:50.136: [pcrf] WARNING: Not supported AVP code(524) (../src/pcrf/pcrf-rx-path.c:423)
09/30 10:56:50.136: [pcrf] WARNING: Not supported AVP code(524) (../src/pcrf/pcrf-rx-path.c:423)
09/30 10:56:50.136: [pcrf] WARNING: Not supported AVP code(276) (../src/pcrf/pcrf-rx-path.c:444)
09/30 10:56:50.136: [pcrf] WARNING: Not supported AVP code(27) (../src/pcrf/pcrf-rx-path.c:444)
09/30 10:57:12.968: [pcrf] WARNING: Not supported AVP code(260) (../src/pcrf/pcrf-rx-path.c:444)
09/30 10:57:12.968: [pcrf] WARNING: Not supported AVP code(524) (../src/pcrf/pcrf-rx-path.c:423)
09/30 10:57:12.968: [pcrf] WARNING: Not supported AVP code(524) (../src/pcrf/pcrf-rx-path.c:423)
09/30 10:57:12.968: [pcrf] WARNING: Not supported AVP code(291) (../src/pcrf/pcrf-rx-path.c:444)
09/30 10:57:12.968: [pcrf] WARNING: Not supported AVP code(276) (../src/pcrf/pcrf-rx-path.c:444)
09/30 10:57:12.968: [pcrf] WARNING: Not supported AVP code(27) (../src/pcrf/pcrf-rx-path.c:444)
09/30 10:57:13.358: [pcrf] WARNING: Not supported AVP code(260) (../src/pcrf/pcrf-rx-path.c:444)
09/30 10:57:13.358: [pcrf] WARNING: Not supported AVP code(524) (../src/pcrf/pcrf-rx-path.c:423)
09/30 10:57:13.358: [pcrf] WARNING: Not supported AVP code(524) (../src/pcrf/pcrf-rx-path.c:423)
09/30 10:57:13.358: [pcrf] WARNING: Not supported AVP code(291) (../src/pcrf/pcrf-rx-path.c:444)
09/30 10:57:13.358: [pcrf] WARNING: Not supported AVP code(276) (../src/pcrf/pcrf-rx-path.c:444)
09/30 10:57:13.358: [pcrf] WARNING: Not supported AVP code(27) (../src/pcrf/pcrf-rx-path.c:444)
09/30 10:57:20.145: [pcrf] WARNING: Cannot find Gx Session for IPv4:192.168.101.7 (../src/pcrf/pcrf-rx-path.c:223)
09/30 10:57:20.145: [pcrf] ERROR: No Gx Session found (../src/pcrf/pcrf-rx-path.c:250)
09/30 10:57:31.431: [pcrf] WARNING: Not supported AVP code(260) (../src/pcrf/pcrf-rx-path.c:444)
09/30 10:57:31.431: [pcrf] WARNING: Not supported AVP code(524) (../src/pcrf/pcrf-rx-path.c:423)
09/30 10:57:31.431: [pcrf] WARNING: Not supported AVP code(524) (../src/pcrf/pcrf-rx-path.c:423)
09/30 10:57:31.431: [pcrf] WARNING: Not supported AVP code(291) (../src/pcrf/pcrf-rx-path.c:444)
09/30 10:57:31.431: [pcrf] WARNING: Not supported AVP code(276) (../src/pcrf/pcrf-rx-path.c:444)
09/30 10:57:31.431: [pcrf] WARNING: Not supported AVP code(27) (../src/pcrf/pcrf-rx-path.c:444)
09/30 10:57:31.460: [pcrf] WARNING: Not supported AVP code(260) (../src/pcrf/pcrf-rx-path.c:444)
09/30 10:57:31.460: [pcrf] WARNING: Not supported AVP code(524) (../src/pcrf/pcrf-rx-path.c:423)
09/30 10:57:31.460: [pcrf] WARNING: Not supported AVP code(524) (../src/pcrf/pcrf-rx-path.c:423)
09/30 10:57:31.460: [pcrf] WARNING: Not supported AVP code(291) (../src/pcrf/pcrf-rx-path.c:444)
09/30 10:57:31.460: [pcrf] WARNING: Not supported AVP code(276) (../src/pcrf/pcrf-rx-path.c:444)
09/30 10:57:31.460: [pcrf] WARNING: Not supported AVP code(27) (../src/pcrf/pcrf-rx-path.c:444)
09/30 10:57:31.885: [pcrf] WARNING: Not supported AVP code(260) (../src/pcrf/pcrf-rx-path.c:444)
09/30 10:57:31.885: [pcrf] WARNING: Not supported AVP code(524) (../src/pcrf/pcrf-rx-path.c:423)
09/30 10:57:31.885: [pcrf] WARNING: Not supported AVP code(524) (../src/pcrf/pcrf-rx-path.c:423)
09/30 10:57:31.885: [pcrf] WARNING: Not supported AVP code(291) (../src/pcrf/pcrf-rx-path.c:444)
09/30 10:57:31.885: [pcrf] WARNING: Not supported AVP code(276) (../src/pcrf/pcrf-rx-path.c:444)
09/30 10:57:31.885: [pcrf] WARNING: Not supported AVP code(27) (../src/pcrf/pcrf-rx-path.c:444)
09/30 10:57:31.954: [pcrf] WARNING: Not supported AVP code(260) (../src/pcrf/pcrf-rx-path.c:444)
09/30 10:57:31.954: [pcrf] WARNING: Not supported AVP code(524) (../src/pcrf/pcrf-rx-path.c:423)
09/30 10:57:31.954: [pcrf] WARNING: Not supported AVP code(524) (../src/pcrf/pcrf-rx-path.c:423)
09/30 10:57:31.954: [pcrf] WARNING: Not supported AVP code(291) (../src/pcrf/pcrf-rx-path.c:444)
09/30 10:57:31.954: [pcrf] WARNING: Not supported AVP code(276) (../src/pcrf/pcrf-rx-path.c:444)
09/30 10:57:31.954: [pcrf] WARNING: Not supported AVP code(27) (../src/pcrf/pcrf-rx-path.c:444)
09/30 10:57:38.359: [pcrf] WARNING: Not supported AVP code(260) (../src/pcrf/pcrf-rx-path.c:444)
09/30 10:57:38.359: [pcrf] WARNING: Not supported AVP code(504) (../src/pcrf/pcrf-rx-path.c:444)
09/30 10:57:38.359: [pcrf] WARNING: Not supported AVP code(291) (../src/pcrf/pcrf-rx-path.c:444)
09/30 10:57:38.359: [pcrf] WARNING: Not supported AVP code(458) (../src/pcrf/pcrf-rx-path.c:444)
09/30 10:57:38.359: [pcrf] WARNING: Not supported AVP code(524) (../src/pcrf/pcrf-rx-path.c:423)
09/30 10:57:38.359: [pcrf] WARNING: Not supported AVP code(524) (../src/pcrf/pcrf-rx-path.c:423)
09/30 10:57:38.359: [pcrf] WARNING: Not supported AVP code(276) (../src/pcrf/pcrf-rx-path.c:444)
09/30 10:57:38.359: [pcrf] WARNING: Not supported AVP code(27) (../src/pcrf/pcrf-rx-path.c:444)
09/30 10:57:38.363: [pcrf] WARNING: Not supported AVP code(260) (../src/pcrf/pcrf-rx-path.c:444)
09/30 10:57:38.363: [pcrf] WARNING: Not supported AVP code(504) (../src/pcrf/pcrf-rx-path.c:444)
09/30 10:57:38.363: [pcrf] WARNING: Not supported AVP code(291) (../src/pcrf/pcrf-rx-path.c:444)
09/30 10:57:38.363: [pcrf] WARNING: Not supported AVP code(458) (../src/pcrf/pcrf-rx-path.c:444)
09/30 10:57:38.363: [pcrf] WARNING: Not supported AVP code(524) (../src/pcrf/pcrf-rx-path.c:423)
09/30 10:57:38.363: [pcrf] WARNING: Not supported AVP code(524) (../src/pcrf/pcrf-rx-path.c:423)
09/30 10:57:38.363: [pcrf] WARNING: Not supported AVP code(276) (../src/pcrf/pcrf-rx-path.c:444)
09/30 10:57:38.363: [pcrf] WARNING: Not supported AVP code(27) (../src/pcrf/pcrf-rx-path.c:444)
09/30 10:57:38.572: [pcrf] WARNING: Not supported AVP code(260) (../src/pcrf/pcrf-rx-path.c:444)
09/30 10:57:38.572: [pcrf] WARNING: Not supported AVP code(504) (../src/pcrf/pcrf-rx-path.c:444)
09/30 10:57:38.572: [pcrf] WARNING: Not supported AVP code(291) (../src/pcrf/pcrf-rx-path.c:444)
09/30 10:57:38.572: [pcrf] WARNING: Not supported AVP code(458) (../src/pcrf/pcrf-rx-path.c:444)
09/30 10:57:38.572: [pcrf] WARNING: Not supported AVP code(524) (../src/pcrf/pcrf-rx-path.c:423)
09/30 10:57:38.572: [pcrf] WARNING: Not supported AVP code(524) (../src/pcrf/pcrf-rx-path.c:423)
09/30 10:57:38.572: [pcrf] WARNING: Not supported AVP code(276) (../src/pcrf/pcrf-rx-path.c:444)
09/30 10:57:38.572: [pcrf] WARNING: Not supported AVP code(27) (../src/pcrf/pcrf-rx-path.c:444)
09/30 10:57:38.575: [pcrf] WARNING: Not supported AVP code(260) (../src/pcrf/pcrf-rx-path.c:444)
09/30 10:57:38.575: [pcrf] WARNING: Not supported AVP code(504) (../src/pcrf/pcrf-rx-path.c:444)
09/30 10:57:38.575: [pcrf] WARNING: Not supported AVP code(291) (../src/pcrf/pcrf-rx-path.c:444)
09/30 10:57:38.575: [pcrf] WARNING: Not supported AVP code(458) (../src/pcrf/pcrf-rx-path.c:444)
09/30 10:57:38.575: [pcrf] WARNING: Not supported AVP code(524) (../src/pcrf/pcrf-rx-path.c:423)
09/30 10:57:38.576: [pcrf] WARNING: Not supported AVP code(524) (../src/pcrf/pcrf-rx-path.c:423)
09/30 10:57:38.576: [pcrf] WARNING: Not supported AVP code(276) (../src/pcrf/pcrf-rx-path.c:444)
09/30 10:57:38.576: [pcrf] WARNING: Not supported AVP code(27) (../src/pcrf/pcrf-rx-path.c:444)
09/30 11:04:02.987: [pcrf] WARNING: Not supported AVP code(260) (../src/pcrf/pcrf-rx-path.c:444)
09/30 11:04:02.987: [pcrf] WARNING: Not supported AVP code(524) (../src/pcrf/pcrf-rx-path.c:423)
09/30 11:04:02.987: [pcrf] WARNING: Not supported AVP code(524) (../src/pcrf/pcrf-rx-path.c:423)
09/30 11:04:02.987: [pcrf] WARNING: Not supported AVP code(291) (../src/pcrf/pcrf-rx-path.c:444)
09/30 11:04:02.987: [pcrf] WARNING: Not supported AVP code(276) (../src/pcrf/pcrf-rx-path.c:444)
09/30 11:04:02.987: [pcrf] WARNING: Not supported AVP code(27) (../src/pcrf/pcrf-rx-path.c:444)
09/30 11:04:03.335: [pcrf] WARNING: Not supported AVP code(260) (../src/pcrf/pcrf-rx-path.c:444)
09/30 11:04:03.336: [pcrf] WARNING: Not supported AVP code(524) (../src/pcrf/pcrf-rx-path.c:423)
09/30 11:04:03.336: [pcrf] WARNING: Not supported AVP code(524) (../src/pcrf/pcrf-rx-path.c:423)
09/30 11:04:03.336: [pcrf] WARNING: Not supported AVP code(291) (../src/pcrf/pcrf-rx-path.c:444)
09/30 11:04:03.336: [pcrf] WARNING: Not supported AVP code(276) (../src/pcrf/pcrf-rx-path.c:444)
09/30 11:04:03.336: [pcrf] WARNING: Not supported AVP code(27) (../src/pcrf/pcrf-rx-path.c:444)
Open5GS daemon v2.2.9-1558-g470ce19

09/30 11:07:57.022: [app] INFO: Configuration: '/open5gs/install/etc/open5gs/pcrf.yaml' (../lib/app/ogs-init.c:144)
09/30 11:07:57.022: [app] INFO: File Logging: '/open5gs/install/var/log/open5gs/pcrf.log' (../lib/app/ogs-init.c:147)
09/30 11:07:57.026: [dbi] INFO: MongoDB URI: 'mongodb://172.22.0.2/open5gs' (../lib/dbi/ogs-mongoc.c:130)
09/30 11:07:57.170: [app] INFO: Polling freeDiameter stats every 60000000 usecs (../lib/diameter/common/stats.c:77)
09/30 11:07:57.171: [app] INFO: PCRF initialize...done (../src/pcrf/app-init.c:31)
09/30 11:07:57.175: [diam] INFO: CONNECTED TO 'smf.epc.mnc001.mcc001.3gppnetwork.org' (SCTP,soc#15): (../lib/diameter/common/logger.c:81)
09/30 11:08:08.678: [diam] INFO: CONNECTED TO 'pcscf.ims.mnc001.mcc001.3gppnetwork.org' (TCP,soc#12): (../lib/diameter/common/logger.c:81)
09/30 11:08:47.410: [pcrf] WARNING: Not supported AVP code(260) (../src/pcrf/pcrf-rx-path.c:444)
09/30 11:08:47.410: [pcrf] WARNING: Not supported AVP code(524) (../src/pcrf/pcrf-rx-path.c:423)
09/30 11:08:47.410: [pcrf] WARNING: Not supported AVP code(524) (../src/pcrf/pcrf-rx-path.c:423)
09/30 11:08:47.410: [pcrf] WARNING: Not supported AVP code(291) (../src/pcrf/pcrf-rx-path.c:444)
09/30 11:08:47.410: [pcrf] WARNING: Not supported AVP code(276) (../src/pcrf/pcrf-rx-path.c:444)
09/30 11:08:47.410: [pcrf] WARNING: Not supported AVP code(27) (../src/pcrf/pcrf-rx-path.c:444)
09/30 11:08:47.816: [pcrf] WARNING: Not supported AVP code(260) (../src/pcrf/pcrf-rx-path.c:444)
09/30 11:08:47.816: [pcrf] WARNING: Not supported AVP code(524) (../src/pcrf/pcrf-rx-path.c:423)
09/30 11:08:47.816: [pcrf] WARNING: Not supported AVP code(524) (../src/pcrf/pcrf-rx-path.c:423)
09/30 11:08:47.816: [pcrf] WARNING: Not supported AVP code(291) (../src/pcrf/pcrf-rx-path.c:444)
09/30 11:08:47.816: [pcrf] WARNING: Not supported AVP code(276) (../src/pcrf/pcrf-rx-path.c:444)
09/30 11:08:47.816: [pcrf] WARNING: Not supported AVP code(27) (../src/pcrf/pcrf-rx-path.c:444)
09/30 11:09:02.727: [pcrf] WARNING: Not supported AVP code(260) (../src/pcrf/pcrf-rx-path.c:444)
09/30 11:09:02.727: [pcrf] WARNING: Not supported AVP code(524) (../src/pcrf/pcrf-rx-path.c:423)
09/30 11:09:02.727: [pcrf] WARNING: Not supported AVP code(524) (../src/pcrf/pcrf-rx-path.c:423)
09/30 11:09:02.727: [pcrf] WARNING: Not supported AVP code(291) (../src/pcrf/pcrf-rx-path.c:444)
09/30 11:09:02.727: [pcrf] WARNING: Not supported AVP code(276) (../src/pcrf/pcrf-rx-path.c:444)
09/30 11:09:02.727: [pcrf] WARNING: Not supported AVP code(27) (../src/pcrf/pcrf-rx-path.c:444)
09/30 11:09:03.137: [pcrf] WARNING: Not supported AVP code(260) (../src/pcrf/pcrf-rx-path.c:444)
09/30 11:09:03.137: [pcrf] WARNING: Not supported AVP code(524) (../src/pcrf/pcrf-rx-path.c:423)
09/30 11:09:03.137: [pcrf] WARNING: Not supported AVP code(524) (../src/pcrf/pcrf-rx-path.c:423)
09/30 11:09:03.137: [pcrf] WARNING: Not supported AVP code(291) (../src/pcrf/pcrf-rx-path.c:444)
09/30 11:09:03.137: [pcrf] WARNING: Not supported AVP code(276) (../src/pcrf/pcrf-rx-path.c:444)
09/30 11:09:03.137: [pcrf] WARNING: Not supported AVP code(27) (../src/pcrf/pcrf-rx-path.c:444)
09/30 11:10:59.884: [pcrf] WARNING: Not supported AVP code(260) (../src/pcrf/pcrf-rx-path.c:444)
09/30 11:10:59.884: [pcrf] WARNING: Not supported AVP code(504) (../src/pcrf/pcrf-rx-path.c:444)
09/30 11:10:59.884: [pcrf] WARNING: Not supported AVP code(291) (../src/pcrf/pcrf-rx-path.c:444)
09/30 11:10:59.884: [pcrf] WARNING: Not supported AVP code(458) (../src/pcrf/pcrf-rx-path.c:444)
09/30 11:10:59.884: [pcrf] WARNING: Not supported AVP code(524) (../src/pcrf/pcrf-rx-path.c:423)
09/30 11:10:59.884: [pcrf] WARNING: Not supported AVP code(524) (../src/pcrf/pcrf-rx-path.c:423)
09/30 11:10:59.884: [pcrf] WARNING: Not supported AVP code(276) (../src/pcrf/pcrf-rx-path.c:444)
09/30 11:10:59.884: [pcrf] WARNING: Not supported AVP code(27) (../src/pcrf/pcrf-rx-path.c:444)
09/30 11:10:59.889: [pcrf] WARNING: Not supported AVP code(260) (../src/pcrf/pcrf-rx-path.c:444)
09/30 11:10:59.889: [pcrf] WARNING: Not supported AVP code(504) (../src/pcrf/pcrf-rx-path.c:444)
09/30 11:10:59.889: [pcrf] WARNING: Not supported AVP code(291) (../src/pcrf/pcrf-rx-path.c:444)
09/30 11:10:59.889: [pcrf] WARNING: Not supported AVP code(458) (../src/pcrf/pcrf-rx-path.c:444)
09/30 11:10:59.889: [pcrf] WARNING: Not supported AVP code(524) (../src/pcrf/pcrf-rx-path.c:423)
09/30 11:10:59.889: [pcrf] WARNING: Not supported AVP code(524) (../src/pcrf/pcrf-rx-path.c:423)
09/30 11:10:59.889: [pcrf] WARNING: Not supported AVP code(276) (../src/pcrf/pcrf-rx-path.c:444)
09/30 11:10:59.889: [pcrf] WARNING: Not supported AVP code(27) (../src/pcrf/pcrf-rx-path.c:444)
