Open5GS daemon v2.2.9-1558-g470ce19

09/26 20:45:04.383: [app] INFO: Configuration: '/open5gs/install/etc/open5gs/sgwc.yaml' (../lib/app/ogs-init.c:144)
09/26 20:45:04.383: [app] INFO: File Logging: '/open5gs/install/var/log/open5gs/sgwc.log' (../lib/app/ogs-init.c:147)
09/26 20:45:04.501: [gtp] INFO: gtp_server() [172.22.0.5]:2123 (../lib/gtp/path.c:30)
09/26 20:45:04.501: [pfcp] INFO: pfcp_server() [172.22.0.5]:8805 (../lib/pfcp/path.c:30)
09/26 20:45:04.502: [app] INFO: SGW-C initialize...done (../src/sgwc/app.c:31)
09/26 20:45:04.502: [sgwc] INFO: PFCP associated [172.22.0.6]:8805 (../src/sgwc/pfcp-sm.c:167)
09/26 20:45:06.956: [sgwc] WARNING: PFCP[REQ] has already been associated [172.22.0.6]:8805 (../src/sgwc/pfcp-sm.c:259)
09/26 20:46:10.949: [sgwc] INFO: [Added] Number of SGWC-UEs is now 1 (../src/sgwc/context.c:239)
09/26 20:46:10.949: [sgwc] INFO: [Added] Number of SGWC-Sessions is now 1 (../src/sgwc/context.c:946)
09/26 20:46:10.949: [sgwc] INFO: UE IMSI[001010000010010] APN[internet] (../src/sgwc/s11-handler.c:268)
09/26 20:46:10.949: [gtp] INFO: gtp_connect() [172.22.0.7]:2123 (../lib/gtp/path.c:60)
09/26 20:46:52.613: [sgwc] INFO: [Added] Number of SGWC-UEs is now 2 (../src/sgwc/context.c:239)
09/26 20:46:52.613: [sgwc] INFO: [Added] Number of SGWC-Sessions is now 2 (../src/sgwc/context.c:946)
09/26 20:46:52.613: [sgwc] INFO: UE IMSI[001010000010011] APN[internet] (../src/sgwc/s11-handler.c:268)
09/26 20:46:54.814: [sgwc] INFO: [Added] Number of SGWC-Sessions is now 3 (../src/sgwc/context.c:946)
09/26 20:46:54.814: [sgwc] INFO: UE IMSI[001010000010011] APN[ims] (../src/sgwc/s11-handler.c:268)
09/26 20:49:09.750: [sgwc] WARNING: GTP Cause [Value:90] - PFCP_CAUSE[77] (../src/sgwc/s11-handler.c:1340)
09/26 20:49:10.876: [sgwc] WARNING: GTP Cause [Value:90] - PFCP_CAUSE[77] (../src/sgwc/s11-handler.c:1340)
09/26 20:49:20.462: [gtp] WARNING: [6] LOCAL  No Reponse. Give up! for step 1 type 176 peer [172.22.0.9]:2123 (../lib/gtp/xact.c:784)
09/26 20:49:20.462: [sgwc] WARNING: [001010000010011] No Downlink Data Notification ACK (../src/sgwc/gtp-path.c:172)
Open5GS daemon v2.2.9-1558-g470ce19

09/26 20:59:47.590: [app] INFO: Configuration: '/open5gs/install/etc/open5gs/sgwc.yaml' (../lib/app/ogs-init.c:144)
09/26 20:59:47.590: [app] INFO: File Logging: '/open5gs/install/var/log/open5gs/sgwc.log' (../lib/app/ogs-init.c:147)
09/26 20:59:47.671: [gtp] INFO: gtp_server() [172.22.0.5]:2123 (../lib/gtp/path.c:30)
09/26 20:59:47.671: [pfcp] INFO: pfcp_server() [172.22.0.5]:8805 (../lib/pfcp/path.c:30)
09/26 20:59:47.672: [app] INFO: SGW-C initialize...done (../src/sgwc/app.c:31)
09/26 20:59:47.677: [sgwc] INFO: PFCP associated [172.22.0.6]:8805 (../src/sgwc/pfcp-sm.c:167)
09/26 20:59:50.174: [sgwc] WARNING: PFCP[RSP] has already been associated [172.22.0.6]:8805 (../src/sgwc/pfcp-sm.c:265)
Open5GS daemon v2.2.9-1558-g470ce19

09/26 21:00:16.140: [app] INFO: Configuration: '/open5gs/install/etc/open5gs/sgwc.yaml' (../lib/app/ogs-init.c:144)
09/26 21:00:16.140: [app] INFO: File Logging: '/open5gs/install/var/log/open5gs/sgwc.log' (../lib/app/ogs-init.c:147)
09/26 21:00:16.227: [gtp] INFO: gtp_server() [172.22.0.5]:2123 (../lib/gtp/path.c:30)
09/26 21:00:16.227: [pfcp] INFO: pfcp_server() [172.22.0.5]:8805 (../lib/pfcp/path.c:30)
09/26 21:00:16.227: [app] INFO: SGW-C initialize...done (../src/sgwc/app.c:31)
09/26 21:00:16.284: [sgwc] INFO: PFCP associated [172.22.0.6]:8805 (../src/sgwc/pfcp-sm.c:167)
09/26 21:00:18.730: [sgwc] WARNING: PFCP[RSP] has already been associated [172.22.0.6]:8805 (../src/sgwc/pfcp-sm.c:265)
09/26 21:00:50.325: [sgwc] INFO: [Added] Number of SGWC-UEs is now 1 (../src/sgwc/context.c:239)
09/26 21:00:50.325: [sgwc] INFO: [Added] Number of SGWC-Sessions is now 1 (../src/sgwc/context.c:946)
09/26 21:00:50.325: [sgwc] INFO: UE IMSI[001010000010011] APN[internet] (../src/sgwc/s11-handler.c:268)
09/26 21:00:50.326: [gtp] INFO: gtp_connect() [172.22.0.7]:2123 (../lib/gtp/path.c:60)
09/26 21:00:52.485: [sgwc] INFO: [Added] Number of SGWC-Sessions is now 2 (../src/sgwc/context.c:946)
09/26 21:00:52.485: [sgwc] INFO: UE IMSI[001010000010011] APN[ims] (../src/sgwc/s11-handler.c:268)
09/26 21:01:06.535: [sgwc] INFO: [Removed] Number of SGWC-Sessions is now 1 (../src/sgwc/context.c:952)
09/26 21:01:06.535: [sgwc] INFO: [Removed] Number of SGWC-Sessions is now 0 (../src/sgwc/context.c:952)
09/26 21:01:06.558: [sgwc] INFO: [Removed] Number of SGWC-UEs is now 0 (../src/sgwc/context.c:260)
09/26 21:01:06.558: [sgwc] INFO: [Added] Number of SGWC-UEs is now 1 (../src/sgwc/context.c:239)
09/26 21:01:06.558: [sgwc] INFO: [Added] Number of SGWC-Sessions is now 1 (../src/sgwc/context.c:946)
09/26 21:01:06.558: [sgwc] INFO: UE IMSI[001010000010011] APN[internet] (../src/sgwc/s11-handler.c:268)
09/26 21:01:08.704: [sgwc] INFO: [Added] Number of SGWC-Sessions is now 2 (../src/sgwc/context.c:946)
09/26 21:01:08.704: [sgwc] INFO: UE IMSI[001010000010011] APN[ims] (../src/sgwc/s11-handler.c:268)
09/26 21:01:13.804: [gtp] WARNING: [3] LOCAL  No Reponse. Give up! for step 1 type 176 peer [172.22.0.9]:2123 (../lib/gtp/xact.c:784)
09/26 21:01:13.804: [sgwc] ERROR: Bearer[1] has already been removed [176] (../src/sgwc/gtp-path.c:161)
09/26 21:02:20.819: [sgwc] INFO: [Added] Number of SGWC-UEs is now 2 (../src/sgwc/context.c:239)
09/26 21:02:20.819: [sgwc] INFO: [Added] Number of SGWC-Sessions is now 3 (../src/sgwc/context.c:946)
09/26 21:02:20.819: [sgwc] INFO: UE IMSI[001010000010010] APN[internet] (../src/sgwc/s11-handler.c:268)
09/26 21:05:25.336: [sgwc] WARNING: GTP Cause [Value:90] - PFCP_CAUSE[77] (../src/sgwc/s11-handler.c:1340)
09/26 21:05:30.110: [sgwc] WARNING: GTP Cause [Value:90] - PFCP_CAUSE[77] (../src/sgwc/s11-handler.c:1340)
09/26 21:05:38.877: [gtp] WARNING: [12] LOCAL  No Reponse. Give up! for step 1 type 176 peer [172.22.0.9]:2123 (../lib/gtp/xact.c:784)
09/26 21:05:38.877: [sgwc] WARNING: [001010000010011] No Downlink Data Notification ACK (../src/sgwc/gtp-path.c:172)
Open5GS daemon v2.2.9-1558-g470ce19

09/26 21:15:36.103: [app] INFO: Configuration: '/open5gs/install/etc/open5gs/sgwc.yaml' (../lib/app/ogs-init.c:144)
09/26 21:15:36.103: [app] INFO: File Logging: '/open5gs/install/var/log/open5gs/sgwc.log' (../lib/app/ogs-init.c:147)
09/26 21:15:36.216: [gtp] INFO: gtp_server() [172.22.0.5]:2123 (../lib/gtp/path.c:30)
09/26 21:15:36.216: [pfcp] INFO: pfcp_server() [172.22.0.5]:8805 (../lib/pfcp/path.c:30)
09/26 21:15:36.217: [app] INFO: SGW-C initialize...done (../src/sgwc/app.c:31)
09/26 21:15:36.217: [sgwc] INFO: PFCP associated [172.22.0.6]:8805 (../src/sgwc/pfcp-sm.c:167)
09/26 21:15:38.707: [sgwc] WARNING: PFCP[REQ] has already been associated [172.22.0.6]:8805 (../src/sgwc/pfcp-sm.c:259)
09/26 21:15:58.849: [sgwc] INFO: [Added] Number of SGWC-UEs is now 1 (../src/sgwc/context.c:239)
09/26 21:15:58.849: [sgwc] INFO: [Added] Number of SGWC-Sessions is now 1 (../src/sgwc/context.c:946)
09/26 21:15:58.849: [sgwc] INFO: UE IMSI[001010000010011] APN[internet] (../src/sgwc/s11-handler.c:268)
09/26 21:15:58.849: [gtp] INFO: gtp_connect() [172.22.0.7]:2123 (../lib/gtp/path.c:60)
09/26 21:16:01.049: [sgwc] INFO: [Added] Number of SGWC-Sessions is now 2 (../src/sgwc/context.c:946)
09/26 21:16:01.049: [sgwc] INFO: UE IMSI[001010000010011] APN[ims] (../src/sgwc/s11-handler.c:268)
09/26 21:16:05.973: [sgwc] INFO: [Removed] Number of SGWC-Sessions is now 1 (../src/sgwc/context.c:952)
09/26 21:16:05.973: [sgwc] INFO: [Removed] Number of SGWC-Sessions is now 0 (../src/sgwc/context.c:952)
09/26 21:16:08.989: [sgwc] INFO: [Removed] Number of SGWC-UEs is now 0 (../src/sgwc/context.c:260)
09/26 21:16:08.989: [sgwc] INFO: [Added] Number of SGWC-UEs is now 1 (../src/sgwc/context.c:239)
09/26 21:16:08.989: [sgwc] INFO: [Added] Number of SGWC-Sessions is now 1 (../src/sgwc/context.c:946)
09/26 21:16:08.989: [sgwc] INFO: UE IMSI[001010000010011] APN[internet] (../src/sgwc/s11-handler.c:268)
09/26 21:16:11.169: [sgwc] INFO: [Added] Number of SGWC-Sessions is now 2 (../src/sgwc/context.c:946)
09/26 21:16:11.169: [sgwc] INFO: UE IMSI[001010000010011] APN[ims] (../src/sgwc/s11-handler.c:268)
09/26 21:16:15.917: [sgwc] INFO: [Removed] Number of SGWC-Sessions is now 1 (../src/sgwc/context.c:952)
09/26 21:16:15.918: [sgwc] INFO: [Removed] Number of SGWC-Sessions is now 0 (../src/sgwc/context.c:952)
09/26 21:16:18.949: [sgwc] INFO: [Removed] Number of SGWC-UEs is now 0 (../src/sgwc/context.c:260)
09/26 21:16:18.949: [sgwc] INFO: [Added] Number of SGWC-UEs is now 1 (../src/sgwc/context.c:239)
09/26 21:16:18.949: [sgwc] INFO: [Added] Number of SGWC-Sessions is now 1 (../src/sgwc/context.c:946)
09/26 21:16:18.949: [sgwc] INFO: UE IMSI[001010000010011] APN[internet] (../src/sgwc/s11-handler.c:268)
09/26 21:16:21.109: [sgwc] INFO: [Added] Number of SGWC-Sessions is now 2 (../src/sgwc/context.c:946)
09/26 21:16:21.109: [sgwc] INFO: UE IMSI[001010000010011] APN[ims] (../src/sgwc/s11-handler.c:268)
09/26 21:16:37.012: [sgwc] INFO: [Removed] Number of SGWC-Sessions is now 1 (../src/sgwc/context.c:952)
09/26 21:16:37.012: [sgwc] INFO: [Removed] Number of SGWC-Sessions is now 0 (../src/sgwc/context.c:952)
09/26 21:16:37.050: [sgwc] INFO: [Removed] Number of SGWC-UEs is now 0 (../src/sgwc/context.c:260)
09/26 21:16:37.050: [sgwc] INFO: [Added] Number of SGWC-UEs is now 1 (../src/sgwc/context.c:239)
09/26 21:16:37.050: [sgwc] INFO: [Added] Number of SGWC-Sessions is now 1 (../src/sgwc/context.c:946)
09/26 21:16:37.050: [sgwc] INFO: UE IMSI[001010000010011] APN[internet] (../src/sgwc/s11-handler.c:268)
09/26 21:16:39.210: [sgwc] INFO: [Added] Number of SGWC-Sessions is now 2 (../src/sgwc/context.c:946)
09/26 21:16:39.210: [sgwc] INFO: UE IMSI[001010000010011] APN[ims] (../src/sgwc/s11-handler.c:268)
09/26 21:16:43.383: [gtp] WARNING: [11] LOCAL  No Reponse. Give up! for step 1 type 176 peer [172.22.0.9]:2123 (../lib/gtp/xact.c:784)
09/26 21:16:43.383: [sgwc] ERROR: Bearer[5] has already been removed [176] (../src/sgwc/gtp-path.c:161)
09/26 21:16:50.008: [sgwc] ERROR: No Context (../src/sgwc/s11-handler.c:1268)
09/26 21:17:06.412: [gtp] WARNING: [17] LOCAL  No Reponse. Give up! for step 1 type 176 peer [172.22.0.9]:2123 (../lib/gtp/xact.c:784)
09/26 21:17:06.412: [sgwc] WARNING: [001010000010011] No Downlink Data Notification ACK (../src/sgwc/gtp-path.c:172)
Open5GS daemon v2.2.9-1558-g470ce19

09/26 21:18:55.021: [app] INFO: Configuration: '/open5gs/install/etc/open5gs/sgwc.yaml' (../lib/app/ogs-init.c:144)
09/26 21:18:55.021: [app] INFO: File Logging: '/open5gs/install/var/log/open5gs/sgwc.log' (../lib/app/ogs-init.c:147)
09/26 21:18:55.115: [gtp] INFO: gtp_server() [172.22.0.5]:2123 (../lib/gtp/path.c:30)
09/26 21:18:55.116: [pfcp] INFO: pfcp_server() [172.22.0.5]:8805 (../lib/pfcp/path.c:30)
09/26 21:18:55.116: [app] INFO: SGW-C initialize...done (../src/sgwc/app.c:31)
09/26 21:18:55.129: [sgwc] INFO: PFCP associated [172.22.0.6]:8805 (../src/sgwc/pfcp-sm.c:167)
09/26 21:18:57.618: [sgwc] WARNING: PFCP[RSP] has already been associated [172.22.0.6]:8805 (../src/sgwc/pfcp-sm.c:265)
09/26 21:19:10.235: [sgwc] INFO: [Added] Number of SGWC-UEs is now 1 (../src/sgwc/context.c:239)
09/26 21:19:10.235: [sgwc] INFO: [Added] Number of SGWC-Sessions is now 1 (../src/sgwc/context.c:946)
09/26 21:19:10.235: [sgwc] INFO: UE IMSI[001010000010011] APN[internet] (../src/sgwc/s11-handler.c:268)
09/26 21:19:10.235: [gtp] INFO: gtp_connect() [172.22.0.7]:2123 (../lib/gtp/path.c:60)
09/26 21:19:12.394: [sgwc] INFO: [Added] Number of SGWC-Sessions is now 2 (../src/sgwc/context.c:946)
09/26 21:19:12.394: [sgwc] INFO: UE IMSI[001010000010011] APN[ims] (../src/sgwc/s11-handler.c:268)
09/26 21:19:14.858: [sgwc] INFO: [Removed] Number of SGWC-Sessions is now 1 (../src/sgwc/context.c:952)
09/26 21:19:14.859: [sgwc] INFO: [Removed] Number of SGWC-Sessions is now 0 (../src/sgwc/context.c:952)
09/26 21:19:19.115: [sgwc] INFO: [Removed] Number of SGWC-UEs is now 0 (../src/sgwc/context.c:260)
09/26 21:19:19.115: [sgwc] INFO: [Added] Number of SGWC-UEs is now 1 (../src/sgwc/context.c:239)
09/26 21:19:19.115: [sgwc] INFO: [Added] Number of SGWC-Sessions is now 1 (../src/sgwc/context.c:946)
09/26 21:19:19.115: [sgwc] INFO: UE IMSI[001010000010011] APN[internet] (../src/sgwc/s11-handler.c:268)
09/26 21:19:21.315: [sgwc] INFO: [Added] Number of SGWC-Sessions is now 2 (../src/sgwc/context.c:946)
09/26 21:19:21.315: [sgwc] INFO: UE IMSI[001010000010011] APN[ims] (../src/sgwc/s11-handler.c:268)
09/26 21:19:27.438: [sgwc] INFO: [Removed] Number of SGWC-Sessions is now 1 (../src/sgwc/context.c:952)
09/26 21:19:27.439: [sgwc] INFO: [Removed] Number of SGWC-Sessions is now 0 (../src/sgwc/context.c:952)
09/26 21:19:30.475: [sgwc] INFO: [Removed] Number of SGWC-UEs is now 0 (../src/sgwc/context.c:260)
09/26 21:19:30.475: [sgwc] INFO: [Added] Number of SGWC-UEs is now 1 (../src/sgwc/context.c:239)
09/26 21:19:30.475: [sgwc] INFO: [Added] Number of SGWC-Sessions is now 1 (../src/sgwc/context.c:946)
09/26 21:19:30.475: [sgwc] INFO: UE IMSI[001010000010011] APN[internet] (../src/sgwc/s11-handler.c:268)
09/26 21:19:31.657: [sgwc] INFO: [Added] Number of SGWC-UEs is now 2 (../src/sgwc/context.c:239)
09/26 21:19:31.657: [sgwc] INFO: [Added] Number of SGWC-Sessions is now 2 (../src/sgwc/context.c:946)
09/26 21:19:31.657: [sgwc] INFO: UE IMSI[001010000010010] APN[internet] (../src/sgwc/s11-handler.c:268)
09/26 21:19:32.635: [sgwc] INFO: [Added] Number of SGWC-Sessions is now 3 (../src/sgwc/context.c:946)
09/26 21:19:32.635: [sgwc] INFO: UE IMSI[001010000010011] APN[ims] (../src/sgwc/s11-handler.c:268)
09/26 21:19:39.861: [sgwc] INFO: [Removed] Number of SGWC-Sessions is now 2 (../src/sgwc/context.c:952)
09/26 21:19:39.863: [sgwc] INFO: [Removed] Number of SGWC-Sessions is now 1 (../src/sgwc/context.c:952)
09/26 21:19:42.935: [sgwc] INFO: [Removed] Number of SGWC-UEs is now 1 (../src/sgwc/context.c:260)
09/26 21:19:42.935: [sgwc] INFO: [Added] Number of SGWC-UEs is now 2 (../src/sgwc/context.c:239)
09/26 21:19:42.935: [sgwc] INFO: [Added] Number of SGWC-Sessions is now 2 (../src/sgwc/context.c:946)
09/26 21:19:42.935: [sgwc] INFO: UE IMSI[001010000010011] APN[internet] (../src/sgwc/s11-handler.c:268)
09/26 21:19:45.143: [sgwc] INFO: [Added] Number of SGWC-Sessions is now 3 (../src/sgwc/context.c:946)
09/26 21:19:45.143: [sgwc] INFO: UE IMSI[001010000010011] APN[ims] (../src/sgwc/s11-handler.c:268)
09/26 21:19:51.301: [sgwc] INFO: [Removed] Number of SGWC-Sessions is now 2 (../src/sgwc/context.c:952)
09/26 21:19:51.303: [sgwc] INFO: [Removed] Number of SGWC-Sessions is now 1 (../src/sgwc/context.c:952)
09/26 21:19:54.316: [sgwc] INFO: [Removed] Number of SGWC-UEs is now 1 (../src/sgwc/context.c:260)
09/26 21:19:54.316: [sgwc] INFO: [Added] Number of SGWC-UEs is now 2 (../src/sgwc/context.c:239)
09/26 21:19:54.316: [sgwc] INFO: [Added] Number of SGWC-Sessions is now 2 (../src/sgwc/context.c:946)
09/26 21:19:54.316: [sgwc] INFO: UE IMSI[001010000010011] APN[internet] (../src/sgwc/s11-handler.c:268)
09/26 21:19:56.475: [sgwc] INFO: [Added] Number of SGWC-Sessions is now 3 (../src/sgwc/context.c:946)
09/26 21:19:56.475: [sgwc] INFO: UE IMSI[001010000010011] APN[ims] (../src/sgwc/s11-handler.c:268)
Open5GS daemon v2.2.9-1558-g470ce19

09/30 09:34:17.321: [app] INFO: Configuration: '/open5gs/install/etc/open5gs/sgwc.yaml' (../lib/app/ogs-init.c:144)
09/30 09:34:17.321: [app] INFO: File Logging: '/open5gs/install/var/log/open5gs/sgwc.log' (../lib/app/ogs-init.c:147)
09/30 09:34:17.386: [gtp] INFO: gtp_server() [172.22.0.5]:2123 (../lib/gtp/path.c:30)
09/30 09:34:17.386: [pfcp] INFO: pfcp_server() [172.22.0.5]:8805 (../lib/pfcp/path.c:30)
09/30 09:34:17.387: [app] INFO: SGW-C initialize...done (../src/sgwc/app.c:31)
09/30 09:34:17.424: [sgwc] INFO: PFCP associated [172.22.0.6]:8805 (../src/sgwc/pfcp-sm.c:167)
09/30 09:34:19.890: [sgwc] WARNING: PFCP[RSP] has already been associated [172.22.0.6]:8805 (../src/sgwc/pfcp-sm.c:265)
Open5GS daemon v2.2.9-1558-g470ce19

09/30 09:35:22.579: [app] INFO: Configuration: '/open5gs/install/etc/open5gs/sgwc.yaml' (../lib/app/ogs-init.c:144)
09/30 09:35:22.579: [app] INFO: File Logging: '/open5gs/install/var/log/open5gs/sgwc.log' (../lib/app/ogs-init.c:147)
09/30 09:35:22.672: [gtp] INFO: gtp_server() [172.22.0.5]:2123 (../lib/gtp/path.c:30)
09/30 09:35:22.672: [pfcp] INFO: pfcp_server() [172.22.0.5]:8805 (../lib/pfcp/path.c:30)
09/30 09:35:22.672: [app] INFO: SGW-C initialize...done (../src/sgwc/app.c:31)
09/30 09:35:22.692: [sgwc] INFO: PFCP associated [172.22.0.6]:8805 (../src/sgwc/pfcp-sm.c:167)
09/30 09:35:25.175: [sgwc] WARNING: PFCP[RSP] has already been associated [172.22.0.6]:8805 (../src/sgwc/pfcp-sm.c:265)
Open5GS daemon v2.2.9-1558-g470ce19

09/30 09:36:05.663: [app] INFO: Configuration: '/open5gs/install/etc/open5gs/sgwc.yaml' (../lib/app/ogs-init.c:144)
09/30 09:36:05.663: [app] INFO: File Logging: '/open5gs/install/var/log/open5gs/sgwc.log' (../lib/app/ogs-init.c:147)
09/30 09:36:05.750: [gtp] INFO: gtp_server() [172.22.0.5]:2123 (../lib/gtp/path.c:30)
09/30 09:36:05.750: [pfcp] INFO: pfcp_server() [172.22.0.5]:8805 (../lib/pfcp/path.c:30)
09/30 09:36:05.750: [app] INFO: SGW-C initialize...done (../src/sgwc/app.c:31)
09/30 09:36:05.751: [sgwc] INFO: PFCP associated [172.22.0.6]:8805 (../src/sgwc/pfcp-sm.c:167)
09/30 09:36:08.227: [sgwc] WARNING: PFCP[REQ] has already been associated [172.22.0.6]:8805 (../src/sgwc/pfcp-sm.c:259)
Open5GS daemon v2.2.9-1558-g470ce19

09/30 09:37:16.528: [app] INFO: Configuration: '/open5gs/install/etc/open5gs/sgwc.yaml' (../lib/app/ogs-init.c:144)
09/30 09:37:16.528: [app] INFO: File Logging: '/open5gs/install/var/log/open5gs/sgwc.log' (../lib/app/ogs-init.c:147)
09/30 09:37:16.608: [gtp] INFO: gtp_server() [172.22.0.5]:2123 (../lib/gtp/path.c:30)
09/30 09:37:16.608: [pfcp] INFO: pfcp_server() [172.22.0.5]:8805 (../lib/pfcp/path.c:30)
09/30 09:37:16.608: [app] INFO: SGW-C initialize...done (../src/sgwc/app.c:31)
09/30 09:37:16.672: [sgwc] INFO: PFCP associated [172.22.0.6]:8805 (../src/sgwc/pfcp-sm.c:167)
09/30 09:37:19.111: [sgwc] WARNING: PFCP[RSP] has already been associated [172.22.0.6]:8805 (../src/sgwc/pfcp-sm.c:265)
09/30 09:37:44.794: [sgwc] INFO: [Added] Number of SGWC-UEs is now 1 (../src/sgwc/context.c:239)
09/30 09:37:44.794: [sgwc] INFO: [Added] Number of SGWC-Sessions is now 1 (../src/sgwc/context.c:946)
09/30 09:37:44.794: [sgwc] INFO: UE IMSI[001010000010011] APN[internet] (../src/sgwc/s11-handler.c:268)
09/30 09:37:44.794: [gtp] INFO: gtp_connect() [172.22.0.7]:2123 (../lib/gtp/path.c:60)
09/30 09:37:47.034: [sgwc] INFO: [Added] Number of SGWC-Sessions is now 2 (../src/sgwc/context.c:946)
09/30 09:37:47.034: [sgwc] INFO: UE IMSI[001010000010011] APN[ims] (../src/sgwc/s11-handler.c:268)
09/30 09:38:23.961: [sgwc] INFO: [Added] Number of SGWC-UEs is now 2 (../src/sgwc/context.c:239)
09/30 09:38:23.961: [sgwc] INFO: [Added] Number of SGWC-Sessions is now 3 (../src/sgwc/context.c:946)
09/30 09:38:23.961: [sgwc] INFO: UE IMSI[001010000010012] APN[internet] (../src/sgwc/s11-handler.c:268)
09/30 09:38:24.521: [sgwc] INFO: [Added] Number of SGWC-Sessions is now 4 (../src/sgwc/context.c:946)
09/30 09:38:24.521: [sgwc] INFO: UE IMSI[001010000010012] APN[ims] (../src/sgwc/s11-handler.c:268)
09/30 09:38:30.325: [sgwc] INFO: [Added] Number of SGWC-UEs is now 3 (../src/sgwc/context.c:239)
09/30 09:38:30.325: [sgwc] INFO: [Added] Number of SGWC-Sessions is now 5 (../src/sgwc/context.c:946)
09/30 09:38:30.325: [sgwc] INFO: UE IMSI[001010000010010] APN[internet] (../src/sgwc/s11-handler.c:268)
09/30 09:38:42.293: [sgwc] INFO: [Removed] Number of SGWC-Sessions is now 4 (../src/sgwc/context.c:952)
09/30 09:38:42.707: [sgwc] INFO: [Added] Number of SGWC-Sessions is now 5 (../src/sgwc/context.c:946)
09/30 09:38:42.707: [sgwc] INFO: UE IMSI[001010000010011] APN[ims] (../src/sgwc/s11-handler.c:268)
09/30 09:39:45.246: [sgwc] INFO: [Removed] Number of SGWC-Sessions is now 4 (../src/sgwc/context.c:952)
09/30 09:39:47.808: [sgwc] INFO: [Added] Number of SGWC-Sessions is now 5 (../src/sgwc/context.c:946)
09/30 09:39:47.808: [sgwc] INFO: UE IMSI[001010000010012] APN[ims] (../src/sgwc/s11-handler.c:268)
09/30 09:40:27.198: [sgwc] INFO: [Removed] Number of SGWC-Sessions is now 4 (../src/sgwc/context.c:952)
09/30 09:40:30.357: [sgwc] INFO: [Added] Number of SGWC-Sessions is now 5 (../src/sgwc/context.c:946)
09/30 09:40:30.357: [sgwc] INFO: UE IMSI[001010000010012] APN[ims] (../src/sgwc/s11-handler.c:268)
09/30 09:47:59.797: [sgwc] WARNING: GTP Cause [Value:90] - PFCP_CAUSE[77] (../src/sgwc/s11-handler.c:1340)
09/30 09:48:10.268: [gtp] WARNING: [18] LOCAL  No Reponse. Give up! for step 1 type 176 peer [172.22.0.9]:2123 (../lib/gtp/xact.c:784)
09/30 09:48:10.268: [sgwc] WARNING: [001010000010011] No Downlink Data Notification ACK (../src/sgwc/gtp-path.c:172)
Open5GS daemon v2.2.9-1558-g470ce19

09/30 09:49:07.112: [app] INFO: Configuration: '/open5gs/install/etc/open5gs/sgwc.yaml' (../lib/app/ogs-init.c:144)
09/30 09:49:07.112: [app] INFO: File Logging: '/open5gs/install/var/log/open5gs/sgwc.log' (../lib/app/ogs-init.c:147)
09/30 09:49:07.202: [gtp] INFO: gtp_server() [172.22.0.5]:2123 (../lib/gtp/path.c:30)
09/30 09:49:07.202: [pfcp] INFO: pfcp_server() [172.22.0.5]:8805 (../lib/pfcp/path.c:30)
09/30 09:49:07.202: [app] INFO: SGW-C initialize...done (../src/sgwc/app.c:31)
09/30 09:49:07.203: [sgwc] INFO: PFCP associated [172.22.0.6]:8805 (../src/sgwc/pfcp-sm.c:167)
09/30 09:49:09.705: [sgwc] WARNING: PFCP[RSP] has already been associated [172.22.0.6]:8805 (../src/sgwc/pfcp-sm.c:265)
09/30 09:49:43.467: [sgwc] INFO: [Added] Number of SGWC-UEs is now 1 (../src/sgwc/context.c:239)
09/30 09:49:43.467: [sgwc] INFO: [Added] Number of SGWC-Sessions is now 1 (../src/sgwc/context.c:946)
09/30 09:49:43.467: [sgwc] INFO: UE IMSI[001010000010010] APN[internet] (../src/sgwc/s11-handler.c:268)
09/30 09:49:43.467: [gtp] INFO: gtp_connect() [172.22.0.7]:2123 (../lib/gtp/path.c:60)
09/30 09:51:42.953: [sgwc] INFO: [Added] Number of SGWC-UEs is now 2 (../src/sgwc/context.c:239)
09/30 09:51:42.953: [sgwc] INFO: [Added] Number of SGWC-Sessions is now 2 (../src/sgwc/context.c:946)
09/30 09:51:42.953: [sgwc] INFO: UE IMSI[001010000010011] APN[internet] (../src/sgwc/s11-handler.c:268)
09/30 09:51:45.166: [sgwc] INFO: [Added] Number of SGWC-Sessions is now 3 (../src/sgwc/context.c:946)
09/30 09:51:45.166: [sgwc] INFO: UE IMSI[001010000010011] APN[ims] (../src/sgwc/s11-handler.c:268)
09/30 09:51:51.644: [sgwc] ERROR: No Context (../src/sgwc/s11-handler.c:1268)
09/30 09:52:03.507: [sgwc] INFO: [Added] Number of SGWC-UEs is now 3 (../src/sgwc/context.c:239)
09/30 09:52:03.507: [sgwc] INFO: [Added] Number of SGWC-Sessions is now 4 (../src/sgwc/context.c:946)
09/30 09:52:03.507: [sgwc] INFO: UE IMSI[001010000010019] APN[internet] (../src/sgwc/s11-handler.c:268)
09/30 09:52:07.799: [sgwc] INFO: [Added] Number of SGWC-Sessions is now 5 (../src/sgwc/context.c:946)
09/30 09:52:07.799: [sgwc] INFO: UE IMSI[001010000010019] APN[ims] (../src/sgwc/s11-handler.c:268)
09/30 09:52:19.420: [sgwc] INFO: [Added] Number of SGWC-UEs is now 4 (../src/sgwc/context.c:239)
09/30 09:52:19.420: [sgwc] INFO: [Added] Number of SGWC-Sessions is now 6 (../src/sgwc/context.c:946)
09/30 09:52:19.420: [sgwc] INFO: UE IMSI[001010000010012] APN[internet] (../src/sgwc/s11-handler.c:268)
09/30 09:52:22.340: [sgwc] INFO: [Added] Number of SGWC-Sessions is now 7 (../src/sgwc/context.c:946)
09/30 09:52:22.340: [sgwc] INFO: UE IMSI[001010000010012] APN[ims] (../src/sgwc/s11-handler.c:268)
09/30 09:55:23.218: [sgwc] WARNING: GTP Cause [Value:90] - PFCP_CAUSE[77] (../src/sgwc/s11-handler.c:1340)
09/30 09:55:30.246: [gtp] WARNING: [27] LOCAL  No Reponse. Give up! for step 1 type 176 peer [172.22.0.9]:2123 (../lib/gtp/xact.c:784)
09/30 09:55:30.246: [sgwc] WARNING: [001010000010011] No Downlink Data Notification ACK (../src/sgwc/gtp-path.c:172)
09/30 09:55:31.270: [gtp] WARNING: [28] LOCAL  No Reponse. Give up! for step 1 type 176 peer [172.22.0.9]:2123 (../lib/gtp/xact.c:784)
09/30 09:55:31.270: [sgwc] WARNING: [001010000010010] No Downlink Data Notification ACK (../src/sgwc/gtp-path.c:172)
09/30 09:55:31.270: [gtp] WARNING: [29] LOCAL  No Reponse. Give up! for step 1 type 176 peer [172.22.0.9]:2123 (../lib/gtp/xact.c:784)
09/30 09:55:31.270: [sgwc] WARNING: [001010000010012] No Downlink Data Notification ACK (../src/sgwc/gtp-path.c:172)
09/30 09:55:33.466: [gtp] WARNING: [30] LOCAL  No Reponse. Give up! for step 1 type 176 peer [172.22.0.9]:2123 (../lib/gtp/xact.c:784)
09/30 09:55:33.466: [sgwc] WARNING: [001010000010019] No Downlink Data Notification ACK (../src/sgwc/gtp-path.c:172)
09/30 09:55:33.466: [gtp] WARNING: [31] LOCAL  No Reponse. Give up! for step 1 type 176 peer [172.22.0.9]:2123 (../lib/gtp/xact.c:784)
09/30 09:55:33.466: [sgwc] WARNING: [001010000010011] No Downlink Data Notification ACK (../src/sgwc/gtp-path.c:172)
Open5GS daemon v2.2.9-1558-g470ce19

09/30 10:20:28.090: [app] INFO: Configuration: '/open5gs/install/etc/open5gs/sgwc.yaml' (../lib/app/ogs-init.c:144)
09/30 10:20:28.090: [app] INFO: File Logging: '/open5gs/install/var/log/open5gs/sgwc.log' (../lib/app/ogs-init.c:147)
09/30 10:20:28.209: [gtp] INFO: gtp_server() [172.22.0.5]:2123 (../lib/gtp/path.c:30)
09/30 10:20:28.209: [pfcp] INFO: pfcp_server() [172.22.0.5]:8805 (../lib/pfcp/path.c:30)
09/30 10:20:28.209: [app] INFO: SGW-C initialize...done (../src/sgwc/app.c:31)
09/30 10:20:28.268: [sgwc] INFO: PFCP associated [172.22.0.6]:8805 (../src/sgwc/pfcp-sm.c:167)
09/30 10:20:30.712: [sgwc] WARNING: PFCP[RSP] has already been associated [172.22.0.6]:8805 (../src/sgwc/pfcp-sm.c:265)
09/30 10:20:43.842: [sgwc] INFO: [Added] Number of SGWC-UEs is now 1 (../src/sgwc/context.c:239)
09/30 10:20:43.842: [sgwc] INFO: [Added] Number of SGWC-Sessions is now 1 (../src/sgwc/context.c:946)
09/30 10:20:43.842: [sgwc] INFO: UE IMSI[001010000010011] APN[internet] (../src/sgwc/s11-handler.c:268)
09/30 10:20:43.842: [gtp] INFO: gtp_connect() [172.22.0.7]:2123 (../lib/gtp/path.c:60)
09/30 10:20:46.062: [sgwc] INFO: [Added] Number of SGWC-Sessions is now 2 (../src/sgwc/context.c:946)
09/30 10:20:46.062: [sgwc] INFO: UE IMSI[001010000010011] APN[ims] (../src/sgwc/s11-handler.c:268)
09/30 10:21:09.585: [sgwc] INFO: [Removed] Number of SGWC-Sessions is now 1 (../src/sgwc/context.c:952)
09/30 10:21:09.585: [sgwc] INFO: [Removed] Number of SGWC-Sessions is now 0 (../src/sgwc/context.c:952)
09/30 10:21:11.383: [sgwc] INFO: [Added] Number of SGWC-UEs is now 2 (../src/sgwc/context.c:239)
09/30 10:21:11.383: [sgwc] INFO: [Added] Number of SGWC-Sessions is now 1 (../src/sgwc/context.c:946)
09/30 10:21:11.383: [sgwc] INFO: UE IMSI[001010000010010] APN[internet] (../src/sgwc/s11-handler.c:268)
09/30 10:21:20.845: [sgwc] INFO: [Added] Number of SGWC-UEs is now 3 (../src/sgwc/context.c:239)
09/30 10:21:20.845: [sgwc] INFO: [Added] Number of SGWC-Sessions is now 2 (../src/sgwc/context.c:946)
09/30 10:21:20.845: [sgwc] INFO: UE IMSI[001010000010012] APN[internet] (../src/sgwc/s11-handler.c:268)
09/30 10:21:25.054: [sgwc] INFO: [Added] Number of SGWC-Sessions is now 3 (../src/sgwc/context.c:946)
09/30 10:21:25.054: [sgwc] INFO: UE IMSI[001010000010012] APN[ims] (../src/sgwc/s11-handler.c:268)
09/30 10:21:43.880: [sgwc] INFO: [Removed] Number of SGWC-UEs is now 2 (../src/sgwc/context.c:260)
09/30 10:21:43.880: [sgwc] INFO: [Added] Number of SGWC-UEs is now 3 (../src/sgwc/context.c:239)
09/30 10:21:43.880: [sgwc] INFO: [Added] Number of SGWC-Sessions is now 4 (../src/sgwc/context.c:946)
09/30 10:21:43.880: [sgwc] INFO: UE IMSI[001010000010011] APN[internet] (../src/sgwc/s11-handler.c:268)
09/30 10:21:48.590: [sgwc] INFO: [Added] Number of SGWC-Sessions is now 5 (../src/sgwc/context.c:946)
09/30 10:21:48.590: [sgwc] INFO: UE IMSI[001010000010011] APN[ims] (../src/sgwc/s11-handler.c:268)
09/30 10:21:51.166: [sgwc] INFO: [Added] Number of SGWC-UEs is now 4 (../src/sgwc/context.c:239)
09/30 10:21:51.166: [sgwc] INFO: [Added] Number of SGWC-Sessions is now 6 (../src/sgwc/context.c:946)
09/30 10:21:51.166: [sgwc] INFO: UE IMSI[001010000010019] APN[internet] (../src/sgwc/s11-handler.c:268)
09/30 10:21:53.326: [sgwc] INFO: [Added] Number of SGWC-Sessions is now 7 (../src/sgwc/context.c:946)
09/30 10:21:53.326: [sgwc] INFO: UE IMSI[001010000010019] APN[ims] (../src/sgwc/s11-handler.c:268)
09/30 10:21:58.028: [sgwc] INFO: [Removed] Number of SGWC-Sessions is now 6 (../src/sgwc/context.c:952)
09/30 10:21:58.028: [sgwc] INFO: [Removed] Number of SGWC-Sessions is now 5 (../src/sgwc/context.c:952)
09/30 10:21:58.626: [sgwc] INFO: [Removed] Number of SGWC-UEs is now 3 (../src/sgwc/context.c:260)
09/30 10:21:58.626: [sgwc] INFO: [Added] Number of SGWC-UEs is now 4 (../src/sgwc/context.c:239)
09/30 10:21:58.626: [sgwc] INFO: [Added] Number of SGWC-Sessions is now 6 (../src/sgwc/context.c:946)
09/30 10:21:58.626: [sgwc] INFO: UE IMSI[001010000010019] APN[internet] (../src/sgwc/s11-handler.c:268)
09/30 10:22:04.106: [sgwc] INFO: [Added] Number of SGWC-Sessions is now 7 (../src/sgwc/context.c:946)
09/30 10:22:04.106: [sgwc] INFO: UE IMSI[001010000010019] APN[ims] (../src/sgwc/s11-handler.c:268)
09/30 10:22:08.043: [sgwc] ERROR: No Bearer (../src/sgwc/s11-handler.c:1028)
09/30 10:22:08.043: [sgwc] ERROR: No EPS Bearer ID (../src/sgwc/s11-handler.c:1032)
09/30 10:22:08.043: [sgwc] ERROR: No Bearer Cause (../src/sgwc/s11-handler.c:1041)
09/30 10:22:08.046: [sgwc] ERROR: No Bearer (../src/sgwc/s11-handler.c:1028)
09/30 10:22:08.046: [sgwc] ERROR: No EPS Bearer ID (../src/sgwc/s11-handler.c:1032)
09/30 10:22:08.046: [sgwc] ERROR: No Bearer Cause (../src/sgwc/s11-handler.c:1041)
09/30 10:22:32.989: [sgwc] INFO: [Removed] Number of SGWC-Sessions is now 6 (../src/sgwc/context.c:952)
09/30 10:22:32.990: [sgwc] INFO: [Removed] Number of SGWC-Sessions is now 5 (../src/sgwc/context.c:952)
09/30 10:22:35.907: [sgwc] INFO: [Removed] Number of SGWC-UEs is now 3 (../src/sgwc/context.c:260)
09/30 10:22:35.907: [sgwc] INFO: [Added] Number of SGWC-UEs is now 4 (../src/sgwc/context.c:239)
09/30 10:22:35.907: [sgwc] INFO: [Added] Number of SGWC-Sessions is now 6 (../src/sgwc/context.c:946)
09/30 10:22:35.907: [sgwc] INFO: UE IMSI[001010000010019] APN[internet] (../src/sgwc/s11-handler.c:268)
09/30 10:22:40.087: [sgwc] INFO: [Added] Number of SGWC-Sessions is now 7 (../src/sgwc/context.c:946)
09/30 10:22:40.087: [sgwc] INFO: UE IMSI[001010000010019] APN[ims] (../src/sgwc/s11-handler.c:268)
09/30 10:24:45.074: [sgwc] INFO: [Removed] Number of SGWC-Sessions is now 6 (../src/sgwc/context.c:952)
09/30 10:24:45.074: [sgwc] INFO: [Removed] Number of SGWC-Sessions is now 5 (../src/sgwc/context.c:952)
09/30 10:25:01.572: [sgwc] WARNING: GTP Cause [Value:90] - PFCP_CAUSE[77] (../src/sgwc/s11-handler.c:1340)
09/30 10:25:04.422: [gtp] WARNING: [39] LOCAL  No Reponse. Give up! for step 1 type 176 peer [172.22.0.9]:2123 (../lib/gtp/xact.c:784)
09/30 10:25:04.422: [sgwc] WARNING: [001010000010012] No Downlink Data Notification ACK (../src/sgwc/gtp-path.c:172)
09/30 10:25:09.502: [gtp] WARNING: [40] LOCAL  No Reponse. Give up! for step 1 type 176 peer [172.22.0.9]:2123 (../lib/gtp/xact.c:784)
09/30 10:25:09.502: [sgwc] WARNING: [001010000010011] No Downlink Data Notification ACK (../src/sgwc/gtp-path.c:172)
Open5GS daemon v2.2.9-1558-g470ce19

09/30 10:36:32.490: [app] INFO: Configuration: '/open5gs/install/etc/open5gs/sgwc.yaml' (../lib/app/ogs-init.c:144)
09/30 10:36:32.490: [app] INFO: File Logging: '/open5gs/install/var/log/open5gs/sgwc.log' (../lib/app/ogs-init.c:147)
09/30 10:36:32.600: [gtp] INFO: gtp_server() [172.22.0.5]:2123 (../lib/gtp/path.c:30)
09/30 10:36:32.600: [pfcp] INFO: pfcp_server() [172.22.0.5]:8805 (../lib/pfcp/path.c:30)
09/30 10:36:32.601: [app] INFO: SGW-C initialize...done (../src/sgwc/app.c:31)
09/30 10:36:32.601: [sgwc] INFO: PFCP associated [172.22.0.6]:8805 (../src/sgwc/pfcp-sm.c:167)
09/30 10:36:35.081: [sgwc] WARNING: PFCP[REQ] has already been associated [172.22.0.6]:8805 (../src/sgwc/pfcp-sm.c:259)
09/30 10:37:52.416: [sgwc] INFO: [Added] Number of SGWC-UEs is now 1 (../src/sgwc/context.c:239)
09/30 10:37:52.416: [sgwc] INFO: [Added] Number of SGWC-Sessions is now 1 (../src/sgwc/context.c:946)
09/30 10:37:52.416: [sgwc] INFO: UE IMSI[001010000010010] APN[internet] (../src/sgwc/s11-handler.c:268)
09/30 10:37:52.417: [gtp] INFO: gtp_connect() [172.22.0.7]:2123 (../lib/gtp/path.c:60)
09/30 10:38:06.011: [sgwc] INFO: [Added] Number of SGWC-UEs is now 2 (../src/sgwc/context.c:239)
09/30 10:38:06.011: [sgwc] INFO: [Added] Number of SGWC-Sessions is now 2 (../src/sgwc/context.c:946)
09/30 10:38:06.011: [sgwc] INFO: UE IMSI[001010000010012] APN[internet] (../src/sgwc/s11-handler.c:268)
09/30 10:38:08.909: [sgwc] INFO: [Added] Number of SGWC-Sessions is now 3 (../src/sgwc/context.c:946)
09/30 10:38:08.909: [sgwc] INFO: UE IMSI[001010000010012] APN[ims] (../src/sgwc/s11-handler.c:268)
09/30 10:38:25.152: [sgwc] INFO: [Added] Number of SGWC-UEs is now 3 (../src/sgwc/context.c:239)
09/30 10:38:25.152: [sgwc] INFO: [Added] Number of SGWC-Sessions is now 4 (../src/sgwc/context.c:946)
09/30 10:38:25.152: [sgwc] INFO: UE IMSI[001010000010011] APN[internet] (../src/sgwc/s11-handler.c:268)
09/30 10:38:27.366: [sgwc] INFO: [Added] Number of SGWC-Sessions is now 5 (../src/sgwc/context.c:946)
09/30 10:38:27.366: [sgwc] INFO: UE IMSI[001010000010011] APN[ims] (../src/sgwc/s11-handler.c:268)
09/30 10:38:41.747: [sgwc] INFO: [Added] Number of SGWC-UEs is now 4 (../src/sgwc/context.c:239)
09/30 10:38:41.747: [sgwc] INFO: [Added] Number of SGWC-Sessions is now 6 (../src/sgwc/context.c:946)
09/30 10:38:41.747: [sgwc] INFO: UE IMSI[001010000010019] APN[internet] (../src/sgwc/s11-handler.c:268)
09/30 10:38:43.909: [sgwc] INFO: [Added] Number of SGWC-Sessions is now 7 (../src/sgwc/context.c:946)
09/30 10:38:43.909: [sgwc] INFO: UE IMSI[001010000010019] APN[ims] (../src/sgwc/s11-handler.c:268)
09/30 10:39:56.794: [sgwc] INFO: [Removed] Number of SGWC-Sessions is now 6 (../src/sgwc/context.c:952)
09/30 10:39:56.795: [sgwc] INFO: [Removed] Number of SGWC-Sessions is now 5 (../src/sgwc/context.c:952)
09/30 10:39:58.092: [sgwc] INFO: [Removed] Number of SGWC-UEs is now 3 (../src/sgwc/context.c:260)
09/30 10:39:58.092: [sgwc] INFO: [Added] Number of SGWC-UEs is now 4 (../src/sgwc/context.c:239)
09/30 10:39:58.093: [sgwc] INFO: [Added] Number of SGWC-Sessions is now 6 (../src/sgwc/context.c:946)
09/30 10:39:58.093: [sgwc] INFO: UE IMSI[001010000010019] APN[internet] (../src/sgwc/s11-handler.c:268)
09/30 10:40:03.894: [sgwc] INFO: [Added] Number of SGWC-Sessions is now 7 (../src/sgwc/context.c:946)
09/30 10:40:03.894: [sgwc] INFO: UE IMSI[001010000010019] APN[ims] (../src/sgwc/s11-handler.c:268)
09/30 10:41:10.341: [sgwc] INFO: [Removed] Number of SGWC-Sessions is now 6 (../src/sgwc/context.c:952)
09/30 10:41:10.341: [sgwc] INFO: [Removed] Number of SGWC-Sessions is now 5 (../src/sgwc/context.c:952)
09/30 10:41:10.739: [sgwc] INFO: [Removed] Number of SGWC-UEs is now 3 (../src/sgwc/context.c:260)
09/30 10:41:10.739: [sgwc] INFO: [Added] Number of SGWC-UEs is now 4 (../src/sgwc/context.c:239)
09/30 10:41:10.739: [sgwc] INFO: [Added] Number of SGWC-Sessions is now 6 (../src/sgwc/context.c:946)
09/30 10:41:10.739: [sgwc] INFO: UE IMSI[001010000010019] APN[ims] (../src/sgwc/s11-handler.c:268)
09/30 10:41:16.562: [sgwc] INFO: [Removed] Number of SGWC-Sessions is now 5 (../src/sgwc/context.c:952)
09/30 10:41:16.840: [sgwc] INFO: [Removed] Number of SGWC-UEs is now 3 (../src/sgwc/context.c:260)
09/30 10:41:16.840: [sgwc] INFO: [Added] Number of SGWC-UEs is now 4 (../src/sgwc/context.c:239)
09/30 10:41:16.840: [sgwc] INFO: [Added] Number of SGWC-Sessions is now 6 (../src/sgwc/context.c:946)
09/30 10:41:16.840: [sgwc] INFO: UE IMSI[001010000010019] APN[internet] (../src/sgwc/s11-handler.c:268)
09/30 10:41:22.121: [sgwc] INFO: [Added] Number of SGWC-Sessions is now 7 (../src/sgwc/context.c:946)
09/30 10:41:22.121: [sgwc] INFO: UE IMSI[001010000010019] APN[ims] (../src/sgwc/s11-handler.c:268)
09/30 10:41:59.288: [sgwc] INFO: [Removed] Number of SGWC-Sessions is now 6 (../src/sgwc/context.c:952)
09/30 10:41:59.288: [sgwc] INFO: [Removed] Number of SGWC-Sessions is now 5 (../src/sgwc/context.c:952)
09/30 10:42:06.230: [sgwc] INFO: [Removed] Number of SGWC-Sessions is now 4 (../src/sgwc/context.c:952)
09/30 10:42:06.231: [sgwc] INFO: [Removed] Number of SGWC-Sessions is now 3 (../src/sgwc/context.c:952)
09/30 10:42:26.610: [sgwc] WARNING: GTP Cause [Value:90] - PFCP_CAUSE[77] (../src/sgwc/s11-handler.c:1340)
09/30 10:42:32.104: [gtp] WARNING: [28] LOCAL  No Reponse. Give up! for step 1 type 176 peer [172.22.0.9]:2123 (../lib/gtp/xact.c:784)
09/30 10:42:32.104: [sgwc] WARNING: [001010000010010] No Downlink Data Notification ACK (../src/sgwc/gtp-path.c:172)
Open5GS daemon v2.2.9-1558-g470ce19

09/30 10:47:43.812: [app] INFO: Configuration: '/open5gs/install/etc/open5gs/sgwc.yaml' (../lib/app/ogs-init.c:144)
09/30 10:47:43.812: [app] INFO: File Logging: '/open5gs/install/var/log/open5gs/sgwc.log' (../lib/app/ogs-init.c:147)
09/30 10:47:43.904: [gtp] INFO: gtp_server() [172.22.0.5]:2123 (../lib/gtp/path.c:30)
09/30 10:47:43.904: [pfcp] INFO: pfcp_server() [172.22.0.5]:8805 (../lib/pfcp/path.c:30)
09/30 10:47:43.904: [app] INFO: SGW-C initialize...done (../src/sgwc/app.c:31)
09/30 10:47:43.905: [sgwc] INFO: PFCP associated [172.22.0.6]:8805 (../src/sgwc/pfcp-sm.c:167)
09/30 10:47:46.400: [sgwc] WARNING: PFCP[REQ] has already been associated [172.22.0.6]:8805 (../src/sgwc/pfcp-sm.c:259)
09/30 10:48:56.628: [sgwc] INFO: [Added] Number of SGWC-UEs is now 1 (../src/sgwc/context.c:239)
09/30 10:48:56.628: [sgwc] INFO: [Added] Number of SGWC-Sessions is now 1 (../src/sgwc/context.c:946)
09/30 10:48:56.628: [sgwc] INFO: UE IMSI[001010000010019] APN[internet] (../src/sgwc/s11-handler.c:268)
09/30 10:48:56.629: [gtp] INFO: gtp_connect() [172.22.0.7]:2123 (../lib/gtp/path.c:60)
09/30 10:48:58.730: [sgwc] INFO: [Added] Number of SGWC-UEs is now 2 (../src/sgwc/context.c:239)
09/30 10:48:58.730: [sgwc] INFO: [Added] Number of SGWC-Sessions is now 2 (../src/sgwc/context.c:946)
09/30 10:48:58.730: [sgwc] INFO: UE IMSI[001010000010011] APN[internet] (../src/sgwc/s11-handler.c:268)
09/30 10:48:59.089: [sgwc] INFO: [Added] Number of SGWC-Sessions is now 3 (../src/sgwc/context.c:946)
09/30 10:48:59.089: [sgwc] INFO: UE IMSI[001010000010019] APN[ims] (../src/sgwc/s11-handler.c:268)
09/30 10:49:00.891: [sgwc] INFO: [Added] Number of SGWC-Sessions is now 4 (../src/sgwc/context.c:946)
09/30 10:49:00.891: [sgwc] INFO: UE IMSI[001010000010011] APN[ims] (../src/sgwc/s11-handler.c:268)
09/30 10:49:12.864: [sgwc] WARNING: GTP Cause [Value:90] - PFCP_CAUSE[77] (../src/sgwc/s11-handler.c:1340)
09/30 10:50:00.476: [sgwc] WARNING: GTP Cause [Value:90] - PFCP_CAUSE[77] (../src/sgwc/s11-handler.c:1340)
09/30 10:50:03.734: [sgwc] WARNING: GTP Cause [Value:90] - PFCP_CAUSE[77] (../src/sgwc/s11-handler.c:1340)
09/30 10:50:14.919: [sgwc] INFO: [Removed] Number of SGWC-Sessions is now 3 (../src/sgwc/context.c:952)
09/30 10:50:14.919: [sgwc] INFO: [Removed] Number of SGWC-Sessions is now 2 (../src/sgwc/context.c:952)
09/30 10:50:14.944: [sgwc] INFO: [Removed] Number of SGWC-UEs is now 1 (../src/sgwc/context.c:260)
09/30 10:50:14.944: [sgwc] INFO: [Added] Number of SGWC-UEs is now 2 (../src/sgwc/context.c:239)
09/30 10:50:14.944: [sgwc] INFO: [Added] Number of SGWC-Sessions is now 3 (../src/sgwc/context.c:946)
09/30 10:50:14.944: [sgwc] INFO: UE IMSI[001010000010011] APN[internet] (../src/sgwc/s11-handler.c:268)
09/30 10:50:17.144: [sgwc] INFO: [Added] Number of SGWC-Sessions is now 4 (../src/sgwc/context.c:946)
09/30 10:50:17.144: [sgwc] INFO: UE IMSI[001010000010011] APN[ims] (../src/sgwc/s11-handler.c:268)
09/30 10:50:31.017: [sgwc] WARNING: GTP Cause [Value:90] - PFCP_CAUSE[77] (../src/sgwc/s11-handler.c:1340)
09/30 10:51:00.070: [sgwc] INFO: [Removed] Number of SGWC-Sessions is now 3 (../src/sgwc/context.c:952)
09/30 10:51:00.071: [sgwc] INFO: [Removed] Number of SGWC-Sessions is now 2 (../src/sgwc/context.c:952)
09/30 10:51:00.099: [sgwc] INFO: [Removed] Number of SGWC-UEs is now 1 (../src/sgwc/context.c:260)
09/30 10:51:00.099: [sgwc] INFO: [Added] Number of SGWC-UEs is now 2 (../src/sgwc/context.c:239)
09/30 10:51:00.099: [sgwc] INFO: [Added] Number of SGWC-Sessions is now 3 (../src/sgwc/context.c:946)
09/30 10:51:00.099: [sgwc] INFO: UE IMSI[001010000010011] APN[internet] (../src/sgwc/s11-handler.c:268)
09/30 10:51:02.467: [sgwc] INFO: [Added] Number of SGWC-Sessions is now 4 (../src/sgwc/context.c:946)
09/30 10:51:02.467: [sgwc] INFO: UE IMSI[001010000010011] APN[ims] (../src/sgwc/s11-handler.c:268)
09/30 10:51:02.778: [sgwc] INFO: [Added] Number of SGWC-UEs is now 3 (../src/sgwc/context.c:239)
09/30 10:51:02.778: [sgwc] INFO: [Added] Number of SGWC-Sessions is now 5 (../src/sgwc/context.c:946)
09/30 10:51:02.778: [sgwc] INFO: UE IMSI[001010000010012] APN[internet] (../src/sgwc/s11-handler.c:268)
09/30 10:51:05.376: [sgwc] INFO: [Added] Number of SGWC-Sessions is now 6 (../src/sgwc/context.c:946)
09/30 10:51:05.376: [sgwc] INFO: UE IMSI[001010000010012] APN[ims] (../src/sgwc/s11-handler.c:268)
09/30 10:51:17.094: [sgwc] WARNING: GTP Cause [Value:90] - PFCP_CAUSE[77] (../src/sgwc/s11-handler.c:1340)
09/30 10:51:57.941: [sgwc] INFO: [Removed] Number of SGWC-Sessions is now 5 (../src/sgwc/context.c:952)
09/30 10:51:57.941: [sgwc] INFO: [Removed] Number of SGWC-Sessions is now 4 (../src/sgwc/context.c:952)
09/30 10:51:58.078: [sgwc] INFO: [Removed] Number of SGWC-UEs is now 2 (../src/sgwc/context.c:260)
09/30 10:51:58.078: [sgwc] INFO: [Added] Number of SGWC-UEs is now 3 (../src/sgwc/context.c:239)
09/30 10:51:58.078: [sgwc] INFO: [Added] Number of SGWC-Sessions is now 5 (../src/sgwc/context.c:946)
09/30 10:51:58.078: [sgwc] INFO: UE IMSI[001010000010019] APN[internet] (../src/sgwc/s11-handler.c:268)
09/30 10:51:58.591: [sgwc] INFO: [Removed] Number of SGWC-Sessions is now 4 (../src/sgwc/context.c:952)
09/30 10:51:58.591: [sgwc] INFO: [Removed] Number of SGWC-Sessions is now 3 (../src/sgwc/context.c:952)
09/30 10:51:58.613: [sgwc] INFO: [Removed] Number of SGWC-UEs is now 2 (../src/sgwc/context.c:260)
09/30 10:51:58.613: [sgwc] INFO: [Added] Number of SGWC-UEs is now 3 (../src/sgwc/context.c:239)
09/30 10:51:58.613: [sgwc] INFO: [Added] Number of SGWC-Sessions is now 4 (../src/sgwc/context.c:946)
09/30 10:51:58.613: [sgwc] INFO: UE IMSI[001010000010011] APN[internet] (../src/sgwc/s11-handler.c:268)
09/30 10:52:00.759: [sgwc] INFO: [Added] Number of SGWC-Sessions is now 5 (../src/sgwc/context.c:946)
09/30 10:52:00.759: [sgwc] INFO: UE IMSI[001010000010011] APN[ims] (../src/sgwc/s11-handler.c:268)
09/30 10:52:01.656: [sgwc] INFO: [Added] Number of SGWC-Sessions is now 6 (../src/sgwc/context.c:946)
09/30 10:52:01.656: [sgwc] INFO: UE IMSI[001010000010019] APN[ims] (../src/sgwc/s11-handler.c:268)
09/30 10:52:26.779: [sgwc] WARNING: GTP Cause [Value:90] - PFCP_CAUSE[77] (../src/sgwc/s11-handler.c:1340)
Open5GS daemon v2.2.9-1558-g470ce19

09/30 10:54:07.237: [app] INFO: Configuration: '/open5gs/install/etc/open5gs/sgwc.yaml' (../lib/app/ogs-init.c:144)
09/30 10:54:07.237: [app] INFO: File Logging: '/open5gs/install/var/log/open5gs/sgwc.log' (../lib/app/ogs-init.c:147)
09/30 10:54:07.331: [gtp] INFO: gtp_server() [172.22.0.5]:2123 (../lib/gtp/path.c:30)
09/30 10:54:07.331: [pfcp] INFO: pfcp_server() [172.22.0.5]:8805 (../lib/pfcp/path.c:30)
09/30 10:54:07.331: [app] INFO: SGW-C initialize...done (../src/sgwc/app.c:31)
09/30 10:54:07.332: [sgwc] INFO: PFCP associated [172.22.0.6]:8805 (../src/sgwc/pfcp-sm.c:167)
09/30 10:54:09.831: [sgwc] WARNING: PFCP[REQ] has already been associated [172.22.0.6]:8805 (../src/sgwc/pfcp-sm.c:259)
09/30 10:54:32.064: [sgwc] INFO: [Added] Number of SGWC-UEs is now 1 (../src/sgwc/context.c:239)
09/30 10:54:32.064: [sgwc] INFO: [Added] Number of SGWC-Sessions is now 1 (../src/sgwc/context.c:946)
09/30 10:54:32.064: [sgwc] INFO: UE IMSI[001010000010011] APN[internet] (../src/sgwc/s11-handler.c:268)
09/30 10:54:32.065: [gtp] INFO: gtp_connect() [172.22.0.7]:2123 (../lib/gtp/path.c:60)
09/30 10:54:34.240: [sgwc] INFO: [Added] Number of SGWC-Sessions is now 2 (../src/sgwc/context.c:946)
09/30 10:54:34.240: [sgwc] INFO: UE IMSI[001010000010011] APN[ims] (../src/sgwc/s11-handler.c:268)
09/30 10:55:07.089: [sgwc] INFO: [Removed] Number of SGWC-Sessions is now 1 (../src/sgwc/context.c:952)
09/30 10:55:11.346: [sgwc] INFO: [Removed] Number of SGWC-Sessions is now 0 (../src/sgwc/context.c:952)
09/30 10:55:16.762: [sgwc] INFO: [Removed] Number of SGWC-UEs is now 0 (../src/sgwc/context.c:260)
09/30 10:55:16.762: [sgwc] INFO: [Added] Number of SGWC-UEs is now 1 (../src/sgwc/context.c:239)
09/30 10:55:16.762: [sgwc] INFO: [Added] Number of SGWC-Sessions is now 1 (../src/sgwc/context.c:946)
09/30 10:55:16.762: [sgwc] INFO: UE IMSI[001010000010011] APN[internet] (../src/sgwc/s11-handler.c:268)
09/30 10:55:18.921: [sgwc] INFO: [Added] Number of SGWC-Sessions is now 2 (../src/sgwc/context.c:946)
09/30 10:55:18.921: [sgwc] INFO: UE IMSI[001010000010011] APN[ims] (../src/sgwc/s11-handler.c:268)
09/30 10:55:34.525: [sgwc] WARNING: GTP Cause [Value:90] - PFCP_CAUSE[77] (../src/sgwc/s11-handler.c:1340)
09/30 10:55:36.213: [sgwc] INFO: [Added] Number of SGWC-UEs is now 2 (../src/sgwc/context.c:239)
09/30 10:55:36.213: [sgwc] INFO: [Added] Number of SGWC-Sessions is now 3 (../src/sgwc/context.c:946)
09/30 10:55:36.213: [sgwc] INFO: UE IMSI[001010000010019] APN[internet] (../src/sgwc/s11-handler.c:268)
09/30 10:55:38.392: [sgwc] INFO: [Added] Number of SGWC-Sessions is now 4 (../src/sgwc/context.c:946)
09/30 10:55:38.392: [sgwc] INFO: UE IMSI[001010000010019] APN[ims] (../src/sgwc/s11-handler.c:268)
09/30 10:56:08.892: [sgwc] INFO: [Removed] Number of SGWC-Sessions is now 3 (../src/sgwc/context.c:952)
09/30 10:56:08.893: [sgwc] INFO: [Removed] Number of SGWC-Sessions is now 2 (../src/sgwc/context.c:952)
09/30 10:56:08.921: [sgwc] INFO: [Removed] Number of SGWC-UEs is now 1 (../src/sgwc/context.c:260)
09/30 10:56:08.921: [sgwc] INFO: [Added] Number of SGWC-UEs is now 2 (../src/sgwc/context.c:239)
09/30 10:56:08.921: [sgwc] INFO: [Added] Number of SGWC-Sessions is now 3 (../src/sgwc/context.c:946)
09/30 10:56:08.921: [sgwc] INFO: UE IMSI[001010000010011] APN[internet] (../src/sgwc/s11-handler.c:268)
09/30 10:56:11.120: [sgwc] INFO: [Added] Number of SGWC-Sessions is now 4 (../src/sgwc/context.c:946)
09/30 10:56:11.120: [sgwc] INFO: UE IMSI[001010000010011] APN[ims] (../src/sgwc/s11-handler.c:268)
09/30 10:56:27.297: [sgwc] WARNING: GTP Cause [Value:90] - PFCP_CAUSE[77] (../src/sgwc/s11-handler.c:1340)
09/30 10:56:35.030: [sgwc] INFO: [Removed] Number of SGWC-Sessions is now 3 (../src/sgwc/context.c:952)
09/30 10:56:35.031: [sgwc] INFO: [Removed] Number of SGWC-Sessions is now 2 (../src/sgwc/context.c:952)
09/30 10:56:38.166: [sgwc] INFO: [Removed] Number of SGWC-UEs is now 1 (../src/sgwc/context.c:260)
09/30 10:56:38.166: [sgwc] INFO: [Added] Number of SGWC-UEs is now 2 (../src/sgwc/context.c:239)
09/30 10:56:38.166: [sgwc] INFO: [Added] Number of SGWC-Sessions is now 3 (../src/sgwc/context.c:946)
09/30 10:56:38.166: [sgwc] INFO: UE IMSI[001010000010019] APN[internet] (../src/sgwc/s11-handler.c:268)
09/30 10:56:40.379: [sgwc] INFO: [Removed] Number of SGWC-Sessions is now 2 (../src/sgwc/context.c:952)
09/30 10:56:40.379: [sgwc] INFO: [Removed] Number of SGWC-Sessions is now 1 (../src/sgwc/context.c:952)
09/30 10:56:40.405: [sgwc] INFO: [Added] Number of SGWC-Sessions is now 2 (../src/sgwc/context.c:946)
09/30 10:56:40.405: [sgwc] INFO: UE IMSI[001010000010019] APN[ims] (../src/sgwc/s11-handler.c:268)
09/30 10:56:40.409: [sgwc] INFO: [Removed] Number of SGWC-UEs is now 1 (../src/sgwc/context.c:260)
09/30 10:56:40.409: [sgwc] INFO: [Added] Number of SGWC-UEs is now 2 (../src/sgwc/context.c:239)
09/30 10:56:40.409: [sgwc] INFO: [Added] Number of SGWC-Sessions is now 3 (../src/sgwc/context.c:946)
09/30 10:56:40.409: [sgwc] INFO: UE IMSI[001010000010011] APN[internet] (../src/sgwc/s11-handler.c:268)
09/30 10:56:42.567: [sgwc] INFO: [Added] Number of SGWC-Sessions is now 4 (../src/sgwc/context.c:946)
09/30 10:56:42.567: [sgwc] INFO: UE IMSI[001010000010011] APN[ims] (../src/sgwc/s11-handler.c:268)
09/30 10:56:43.326: [sgwc] INFO: [Added] Number of SGWC-UEs is now 3 (../src/sgwc/context.c:239)
09/30 10:56:43.326: [sgwc] INFO: [Added] Number of SGWC-Sessions is now 5 (../src/sgwc/context.c:946)
09/30 10:56:43.326: [sgwc] INFO: UE IMSI[001010000010012] APN[internet] (../src/sgwc/s11-handler.c:268)
09/30 10:56:46.305: [sgwc] INFO: [Added] Number of SGWC-Sessions is now 6 (../src/sgwc/context.c:946)
09/30 10:56:46.305: [sgwc] INFO: UE IMSI[001010000010012] APN[ims] (../src/sgwc/s11-handler.c:268)
09/30 10:56:51.364: [sgwc] WARNING: PFCP Cause [69] : Not Accepted (../src/sgwc/sxa-handler.c:537)
09/30 10:56:52.639: [gtp] WARNING: [2] REMOTE Request Duplicated. Discard! for step 1 type 95 peer [172.22.0.7]:2123 (../lib/gtp/xact.c:571)
09/30 10:56:55.140: [gtp] WARNING: [2] REMOTE Request Duplicated. Discard! for step 1 type 95 peer [172.22.0.7]:2123 (../lib/gtp/xact.c:571)
09/30 10:56:57.641: [gtp] WARNING: [27] LOCAL  No Reponse. Give up! for step 1 type 95 peer [172.22.0.9]:2123 (../lib/gtp/xact.c:784)
09/30 10:56:57.641: [sgwc] ERROR: [001010000010011] No Create Bearer Response (../src/sgwc/sxa-handler.c:129)
09/30 10:56:57.642: [sgwc] WARNING: PFCP Cause [65] : Not Accepted (../src/sgwc/sxa-handler.c:537)
09/30 10:57:02.790: [sgwc] WARNING: GTP Cause [Value:90] - PFCP_CAUSE[77] (../src/sgwc/s11-handler.c:1340)
09/30 10:57:09.808: [sgwc] INFO: [Removed] Number of SGWC-Sessions is now 5 (../src/sgwc/context.c:952)
09/30 10:57:09.809: [sgwc] INFO: [Removed] Number of SGWC-Sessions is now 4 (../src/sgwc/context.c:952)
09/30 10:57:09.832: [sgwc] INFO: [Removed] Number of SGWC-UEs is now 2 (../src/sgwc/context.c:260)
09/30 10:57:09.832: [sgwc] INFO: [Added] Number of SGWC-UEs is now 3 (../src/sgwc/context.c:239)
09/30 10:57:09.832: [sgwc] INFO: [Added] Number of SGWC-Sessions is now 5 (../src/sgwc/context.c:946)
09/30 10:57:09.832: [sgwc] INFO: UE IMSI[001010000010011] APN[internet] (../src/sgwc/s11-handler.c:268)
09/30 10:57:12.236: [sgwc] INFO: [Added] Number of SGWC-Sessions is now 6 (../src/sgwc/context.c:946)
09/30 10:57:12.236: [sgwc] INFO: UE IMSI[001010000010011] APN[ims] (../src/sgwc/s11-handler.c:268)
09/30 10:57:22.930: [sgwc] INFO: [Removed] Number of SGWC-Sessions is now 5 (../src/sgwc/context.c:952)
09/30 10:57:22.930: [sgwc] INFO: [Removed] Number of SGWC-Sessions is now 4 (../src/sgwc/context.c:952)
09/30 10:57:27.266: [sgwc] INFO: [Removed] Number of SGWC-UEs is now 2 (../src/sgwc/context.c:260)
09/30 10:57:27.266: [sgwc] INFO: [Added] Number of SGWC-UEs is now 3 (../src/sgwc/context.c:239)
09/30 10:57:27.266: [sgwc] INFO: [Added] Number of SGWC-Sessions is now 5 (../src/sgwc/context.c:946)
09/30 10:57:27.266: [sgwc] INFO: UE IMSI[001010000010019] APN[internet] (../src/sgwc/s11-handler.c:268)
09/30 10:57:27.792: [sgwc] INFO: [Removed] Number of SGWC-Sessions is now 4 (../src/sgwc/context.c:952)
09/30 10:57:27.794: [sgwc] INFO: [Removed] Number of SGWC-Sessions is now 3 (../src/sgwc/context.c:952)
09/30 10:57:28.563: [sgwc] INFO: [Removed] Number of SGWC-UEs is now 2 (../src/sgwc/context.c:260)
09/30 10:57:28.563: [sgwc] INFO: [Added] Number of SGWC-UEs is now 3 (../src/sgwc/context.c:239)
09/30 10:57:28.563: [sgwc] INFO: [Added] Number of SGWC-Sessions is now 4 (../src/sgwc/context.c:946)
09/30 10:57:28.563: [sgwc] INFO: UE IMSI[001010000010011] APN[internet] (../src/sgwc/s11-handler.c:268)
09/30 10:57:29.445: [sgwc] INFO: [Added] Number of SGWC-Sessions is now 5 (../src/sgwc/context.c:946)
09/30 10:57:29.445: [sgwc] INFO: UE IMSI[001010000010019] APN[ims] (../src/sgwc/s11-handler.c:268)
09/30 10:57:30.748: [sgwc] INFO: [Added] Number of SGWC-Sessions is now 6 (../src/sgwc/context.c:946)
09/30 10:57:30.748: [sgwc] INFO: UE IMSI[001010000010011] APN[ims] (../src/sgwc/s11-handler.c:268)
09/30 11:02:55.464: [sgwc] WARNING: GTP Cause [Value:90] - PFCP_CAUSE[77] (../src/sgwc/s11-handler.c:1340)
09/30 11:02:56.885: [sgwc] INFO: [Added] Number of SGWC-UEs is now 4 (../src/sgwc/context.c:239)
09/30 11:02:56.885: [sgwc] INFO: [Added] Number of SGWC-Sessions is now 7 (../src/sgwc/context.c:946)
09/30 11:02:56.885: [sgwc] INFO: UE IMSI[001010000010010] APN[internet] (../src/sgwc/s11-handler.c:268)
09/30 11:03:51.902: [sgwc] WARNING: GTP Cause [Value:90] - PFCP_CAUSE[77] (../src/sgwc/s11-handler.c:1340)
09/30 11:04:00.056: [sgwc] INFO: [Removed] Number of SGWC-Sessions is now 6 (../src/sgwc/context.c:952)
09/30 11:04:00.057: [sgwc] INFO: [Removed] Number of SGWC-Sessions is now 5 (../src/sgwc/context.c:952)
09/30 11:04:00.174: [sgwc] INFO: [Removed] Number of SGWC-UEs is now 3 (../src/sgwc/context.c:260)
09/30 11:04:00.174: [sgwc] INFO: [Added] Number of SGWC-UEs is now 4 (../src/sgwc/context.c:239)
09/30 11:04:00.174: [sgwc] INFO: [Added] Number of SGWC-Sessions is now 6 (../src/sgwc/context.c:946)
09/30 11:04:00.174: [sgwc] INFO: UE IMSI[001010000010019] APN[internet] (../src/sgwc/s11-handler.c:268)
09/30 11:04:02.315: [sgwc] INFO: [Added] Number of SGWC-Sessions is now 7 (../src/sgwc/context.c:946)
09/30 11:04:02.315: [sgwc] INFO: UE IMSI[001010000010019] APN[ims] (../src/sgwc/s11-handler.c:268)
09/30 11:04:41.366: [sgwc] WARNING: GTP Cause [Value:90] - PFCP_CAUSE[77] (../src/sgwc/s11-handler.c:1340)
09/30 11:04:41.366: [sgwc] WARNING: GTP Cause [Value:90] - PFCP_CAUSE[77] (../src/sgwc/s11-handler.c:1340)
09/30 11:04:45.016: [gtp] WARNING: [60] LOCAL  No Reponse. Give up! for step 1 type 176 peer [172.22.0.9]:2123 (../lib/gtp/xact.c:784)
09/30 11:04:45.016: [sgwc] WARNING: [001010000010011] No Downlink Data Notification ACK (../src/sgwc/gtp-path.c:172)
09/30 11:04:50.259: [gtp] WARNING: [61] LOCAL  No Reponse. Give up! for step 1 type 176 peer [172.22.0.9]:2123 (../lib/gtp/xact.c:784)
09/30 11:04:50.259: [sgwc] WARNING: [001010000010011] No Downlink Data Notification ACK (../src/sgwc/gtp-path.c:172)
09/30 11:04:50.259: [gtp] WARNING: [62] LOCAL  No Reponse. Give up! for step 1 type 176 peer [172.22.0.9]:2123 (../lib/gtp/xact.c:784)
09/30 11:04:50.259: [sgwc] WARNING: [001010000010019] No Downlink Data Notification ACK (../src/sgwc/gtp-path.c:172)
Open5GS daemon v2.2.9-1558-g470ce19

09/30 11:07:47.025: [app] INFO: Configuration: '/open5gs/install/etc/open5gs/sgwc.yaml' (../lib/app/ogs-init.c:144)
09/30 11:07:47.025: [app] INFO: File Logging: '/open5gs/install/var/log/open5gs/sgwc.log' (../lib/app/ogs-init.c:147)
09/30 11:07:47.143: [gtp] INFO: gtp_server() [172.22.0.5]:2123 (../lib/gtp/path.c:30)
09/30 11:07:47.143: [pfcp] INFO: pfcp_server() [172.22.0.5]:8805 (../lib/pfcp/path.c:30)
09/30 11:07:47.143: [app] INFO: SGW-C initialize...done (../src/sgwc/app.c:31)
09/30 11:07:47.278: [sgwc] INFO: PFCP associated [172.22.0.6]:8805 (../src/sgwc/pfcp-sm.c:167)
09/30 11:07:49.646: [sgwc] WARNING: PFCP[RSP] has already been associated [172.22.0.6]:8805 (../src/sgwc/pfcp-sm.c:265)
09/30 11:08:26.127: [sgwc] INFO: [Added] Number of SGWC-UEs is now 1 (../src/sgwc/context.c:239)
09/30 11:08:26.127: [sgwc] INFO: [Added] Number of SGWC-Sessions is now 1 (../src/sgwc/context.c:946)
09/30 11:08:26.127: [sgwc] INFO: UE IMSI[001010000010010] APN[internet] (../src/sgwc/s11-handler.c:268)
09/30 11:08:26.128: [gtp] INFO: gtp_connect() [172.22.0.7]:2123 (../lib/gtp/path.c:60)
09/30 11:08:44.973: [sgwc] INFO: [Added] Number of SGWC-UEs is now 2 (../src/sgwc/context.c:239)
09/30 11:08:44.973: [sgwc] INFO: [Added] Number of SGWC-Sessions is now 2 (../src/sgwc/context.c:946)
09/30 11:08:44.973: [sgwc] INFO: UE IMSI[001010000010011] APN[internet] (../src/sgwc/s11-handler.c:268)
09/30 11:08:47.153: [sgwc] INFO: [Added] Number of SGWC-Sessions is now 3 (../src/sgwc/context.c:946)
09/30 11:08:47.153: [sgwc] INFO: UE IMSI[001010000010011] APN[ims] (../src/sgwc/s11-handler.c:268)
09/30 11:08:59.418: [sgwc] INFO: [Added] Number of SGWC-UEs is now 3 (../src/sgwc/context.c:239)
09/30 11:08:59.418: [sgwc] INFO: [Added] Number of SGWC-Sessions is now 4 (../src/sgwc/context.c:946)
09/30 11:08:59.418: [sgwc] INFO: UE IMSI[001010000010019] APN[internet] (../src/sgwc/s11-handler.c:268)
09/30 11:09:01.099: [sgwc] INFO: [Added] Number of SGWC-UEs is now 4 (../src/sgwc/context.c:239)
09/30 11:09:01.100: [sgwc] INFO: [Added] Number of SGWC-Sessions is now 5 (../src/sgwc/context.c:946)
09/30 11:09:01.100: [sgwc] INFO: UE IMSI[001010000010012] APN[internet] (../src/sgwc/s11-handler.c:268)
09/30 11:09:01.577: [sgwc] INFO: [Added] Number of SGWC-Sessions is now 6 (../src/sgwc/context.c:946)
09/30 11:09:01.577: [sgwc] INFO: UE IMSI[001010000010019] APN[ims] (../src/sgwc/s11-handler.c:268)
09/30 11:09:04.065: [sgwc] INFO: [Added] Number of SGWC-Sessions is now 7 (../src/sgwc/context.c:946)
09/30 11:09:04.065: [sgwc] INFO: UE IMSI[001010000010012] APN[ims] (../src/sgwc/s11-handler.c:268)
09/30 11:16:58.840: [sgwc] WARNING: GTP Cause [Value:90] - PFCP_CAUSE[77] (../src/sgwc/s11-handler.c:1340)
09/30 11:17:00.274: [sgwc] WARNING: GTP Cause [Value:90] - PFCP_CAUSE[77] (../src/sgwc/s11-handler.c:1340)
09/30 11:17:04.267: [sgwc] WARNING: GTP Cause [Value:90] - PFCP_CAUSE[77] (../src/sgwc/s11-handler.c:1340)
09/30 11:17:07.442: [sgwc] WARNING: GTP Cause [Value:90] - PFCP_CAUSE[77] (../src/sgwc/s11-handler.c:1340)
09/30 12:04:20.029: [gtp] WARNING: [20] LOCAL  No Reponse. Give up! for step 1 type 176 peer [172.22.0.9]:2123 (../lib/gtp/xact.c:784)
09/30 12:04:20.029: [sgwc] WARNING: [001010000010019] No Downlink Data Notification ACK (../src/sgwc/gtp-path.c:172)
09/30 12:04:20.029: [gtp] WARNING: [21] LOCAL  No Reponse. Give up! for step 1 type 176 peer [172.22.0.9]:2123 (../lib/gtp/xact.c:784)
09/30 12:04:20.029: [sgwc] WARNING: [001010000010011] No Downlink Data Notification ACK (../src/sgwc/gtp-path.c:172)
